{"/home/torben/cloud/data/public/project/repository/weboptimizer/browser.js": {"path":"/home/torben/cloud/data/public/project/repository/weboptimizer/browser.js","statementMap":{"0":{"start":{"line":20,"column":29},"end":{"line":20,"column":84}},"1":{"start":{"line":22,"column":14},"end":{"line":22,"column":54}},"2":{"start":{"line":24,"column":0},"end":{"line":26,"column":3}},"3":{"start":{"line":27,"column":0},"end":{"line":27,"column":78}},"4":{"start":{"line":29,"column":19},"end":{"line":29,"column":80}},"5":{"start":{"line":31,"column":22},"end":{"line":31,"column":93}},"6":{"start":{"line":33,"column":25},"end":{"line":33,"column":99}},"7":{"start":{"line":35,"column":18},"end":{"line":35,"column":64}},"8":{"start":{"line":37,"column":66},"end":{"line":37,"column":136}},"9":{"start":{"line":37,"column":138},"end":{"line":37,"column":640}},"10":{"start":{"line":37,"column":149},"end":{"line":37,"column":480}},"11":{"start":{"line":37,"column":269},"end":{"line":37,"column":284}},"12":{"start":{"line":37,"column":277},"end":{"line":37,"column":284}},"13":{"start":{"line":37,"column":293},"end":{"line":37,"column":294}},"14":{"start":{"line":37,"column":304},"end":{"line":37,"column":319}},"15":{"start":{"line":37,"column":321},"end":{"line":37,"column":478}},"16":{"start":{"line":37,"column":354},"end":{"line":37,"column":395}},"17":{"start":{"line":37,"column":373},"end":{"line":37,"column":395}},"18":{"start":{"line":37,"column":396},"end":{"line":37,"column":434}},"19":{"start":{"line":37,"column":458},"end":{"line":37,"column":467}},"20":{"start":{"line":37,"column":481},"end":{"line":37,"column":638}},"21":{"start":{"line":37,"column":664},"end":{"line":37,"column":668}},"22":{"start":{"line":37,"column":679},"end":{"line":37,"column":684}},"23":{"start":{"line":37,"column":691},"end":{"line":37,"column":1002}},"24":{"start":{"line":37,"column":718},"end":{"line":37,"column":734}},"25":{"start":{"line":37,"column":767},"end":{"line":37,"column":776}},"26":{"start":{"line":37,"column":778},"end":{"line":37,"column":807}},"27":{"start":{"line":37,"column":808},"end":{"line":37,"column":820}},"28":{"start":{"line":37,"column":845},"end":{"line":37,"column":859}},"29":{"start":{"line":37,"column":860},"end":{"line":37,"column":870}},"30":{"start":{"line":37,"column":892},"end":{"line":37,"column":997}},"31":{"start":{"line":37,"column":898},"end":{"line":37,"column":960}},"32":{"start":{"line":37,"column":945},"end":{"line":37,"column":960}},"33":{"start":{"line":37,"column":973},"end":{"line":37,"column":995}},"34":{"start":{"line":37,"column":985},"end":{"line":37,"column":995}},"35":{"start":{"line":39,"column":50},"end":{"line":39,"column":65}},"36":{"start":{"line":39,"column":58},"end":{"line":39,"column":65}},"37":{"start":{"line":39,"column":66},"end":{"line":39,"column":129}},"38":{"start":{"line":39,"column":93},"end":{"line":39,"column":129}},"39":{"start":{"line":39,"column":138},"end":{"line":39,"column":184}},"40":{"start":{"line":39,"column":186},"end":{"line":39,"column":246}},"41":{"start":{"line":39,"column":223},"end":{"line":39,"column":246}},"42":{"start":{"line":39,"column":247},"end":{"line":39,"column":300}},"43":{"start":{"line":39,"column":279},"end":{"line":39,"column":300}},"44":{"start":{"line":39,"column":301},"end":{"line":39,"column":414}},"45":{"start":{"line":39,"column":378},"end":{"line":39,"column":414}},"46":{"start":{"line":41,"column":39},"end":{"line":41,"column":93}},"47":{"start":{"line":41,"column":76},"end":{"line":41,"column":93}},"48":{"start":{"line":41,"column":94},"end":{"line":41,"column":168}},"49":{"start":{"line":41,"column":107},"end":{"line":41,"column":108}},"50":{"start":{"line":41,"column":117},"end":{"line":41,"column":131}},"51":{"start":{"line":41,"column":149},"end":{"line":41,"column":166}},"52":{"start":{"line":41,"column":169},"end":{"line":41,"column":181}},"53":{"start":{"line":43,"column":49},"end":{"line":43,"column":96}},"54":{"start":{"line":43,"column":84},"end":{"line":43,"column":96}},"55":{"start":{"line":43,"column":121},"end":{"line":43,"column":134}},"56":{"start":{"line":43,"column":159},"end":{"line":43,"column":172}},"57":{"start":{"line":43,"column":174},"end":{"line":43,"column":333}},"58":{"start":{"line":43,"column":258},"end":{"line":43,"column":316}},"59":{"start":{"line":45,"column":53},"end":{"line":45,"column":111}},"60":{"start":{"line":45,"column":98},"end":{"line":45,"column":109}},"61":{"start":{"line":45,"column":112},"end":{"line":45,"column":218}},"62":{"start":{"line":45,"column":190},"end":{"line":45,"column":216}},"63":{"start":{"line":45,"column":231},"end":{"line":45,"column":268}},"64":{"start":{"line":45,"column":270},"end":{"line":45,"column":325}},"65":{"start":{"line":45,"column":301},"end":{"line":45,"column":323}},"66":{"start":{"line":45,"column":339},"end":{"line":45,"column":341}},"67":{"start":{"line":45,"column":371},"end":{"line":45,"column":427}},"68":{"start":{"line":45,"column":429},"end":{"line":45,"column":730}},"69":{"start":{"line":45,"column":452},"end":{"line":45,"column":728}},"70":{"start":{"line":45,"column":538},"end":{"line":45,"column":610}},"71":{"start":{"line":45,"column":612},"end":{"line":45,"column":726}},"72":{"start":{"line":45,"column":650},"end":{"line":45,"column":691}},"73":{"start":{"line":45,"column":701},"end":{"line":45,"column":724}},"74":{"start":{"line":45,"column":731},"end":{"line":45,"column":755}},"75":{"start":{"line":45,"column":756},"end":{"line":45,"column":794}},"76":{"start":{"line":45,"column":769},"end":{"line":45,"column":792}},"77":{"start":{"line":45,"column":795},"end":{"line":45,"column":809}},"78":{"start":{"line":49,"column":24},"end":{"line":49,"column":26}},"79":{"start":{"line":50,"column":14},"end":{"line":58,"column":1}},"80":{"start":{"line":61,"column":0},"end":{"line":61,"column":26}},"81":{"start":{"line":62,"column":0},"end":{"line":224,"column":1}},"82":{"start":{"line":67,"column":2},"end":{"line":199,"column":32}},"83":{"start":{"line":70,"column":4},"end":{"line":198,"column":16}},"84":{"start":{"line":71,"column":6},"end":{"line":197,"column":7}},"85":{"start":{"line":72,"column":8},"end":{"line":196,"column":9}},"86":{"start":{"line":74,"column":12},"end":{"line":74,"column":30}},"87":{"start":{"line":75,"column":12},"end":{"line":79,"column":17}},"88":{"start":{"line":76,"column":14},"end":{"line":76,"column":63}},"89":{"start":{"line":78,"column":14},"end":{"line":78,"column":62}},"90":{"start":{"line":82,"column":12},"end":{"line":82,"column":47}},"91":{"start":{"line":83,"column":12},"end":{"line":83,"column":89}},"92":{"start":{"line":84,"column":12},"end":{"line":84,"column":58}},"93":{"start":{"line":85,"column":12},"end":{"line":85,"column":47}},"94":{"start":{"line":86,"column":12},"end":{"line":86,"column":79}},"95":{"start":{"line":87,"column":12},"end":{"line":87,"column":42}},"96":{"start":{"line":88,"column":12},"end":{"line":88,"column":64}},"97":{"start":{"line":89,"column":12},"end":{"line":89,"column":85}},"98":{"start":{"line":91,"column":12},"end":{"line":100,"column":13}},"99":{"start":{"line":92,"column":14},"end":{"line":95,"column":15}},"100":{"start":{"line":93,"column":16},"end":{"line":93,"column":35}},"101":{"start":{"line":94,"column":16},"end":{"line":94,"column":69}},"102":{"start":{"line":97,"column":14},"end":{"line":97,"column":31}},"103":{"start":{"line":99,"column":14},"end":{"line":99,"column":28}},"104":{"start":{"line":102,"column":12},"end":{"line":104,"column":15}},"105":{"start":{"line":103,"column":14},"end":{"line":103,"column":215}},"106":{"start":{"line":103,"column":97},"end":{"line":103,"column":169}},"107":{"start":{"line":103,"column":174},"end":{"line":103,"column":215}},"108":{"start":{"line":106,"column":12},"end":{"line":143,"column":14}},"109":{"start":{"line":107,"column":14},"end":{"line":107,"column":34}},"110":{"start":{"line":108,"column":14},"end":{"line":108,"column":41}},"111":{"start":{"line":109,"column":14},"end":{"line":142,"column":17}},"112":{"start":{"line":112,"column":18},"end":{"line":112,"column":42}},"113":{"start":{"line":113,"column":18},"end":{"line":115,"column":21}},"114":{"start":{"line":114,"column":20},"end":{"line":114,"column":52}},"115":{"start":{"line":116,"column":18},"end":{"line":122,"column":21}},"116":{"start":{"line":121,"column":20},"end":{"line":121,"column":75}},"117":{"start":{"line":124,"column":35},"end":{"line":124,"column":80}},"118":{"start":{"line":127,"column":18},"end":{"line":136,"column":19}},"119":{"start":{"line":128,"column":20},"end":{"line":131,"column":21}},"120":{"start":{"line":129,"column":37},"end":{"line":129,"column":49}},"121":{"start":{"line":130,"column":22},"end":{"line":130,"column":33}},"122":{"start":{"line":133,"column":20},"end":{"line":133,"column":38}},"123":{"start":{"line":135,"column":20},"end":{"line":135,"column":35}},"124":{"start":{"line":145,"column":12},"end":{"line":148,"column":13}},"125":{"start":{"line":146,"column":14},"end":{"line":146,"column":33}},"126":{"start":{"line":147,"column":14},"end":{"line":147,"column":20}},"127":{"start":{"line":150,"column":12},"end":{"line":150,"column":62}},"128":{"start":{"line":156,"column":12},"end":{"line":156,"column":31}},"129":{"start":{"line":157,"column":12},"end":{"line":159,"column":15}},"130":{"start":{"line":158,"column":14},"end":{"line":158,"column":69}},"131":{"start":{"line":162,"column":12},"end":{"line":162,"column":49}},"132":{"start":{"line":163,"column":12},"end":{"line":163,"column":31}},"133":{"start":{"line":164,"column":12},"end":{"line":166,"column":15}},"134":{"start":{"line":165,"column":14},"end":{"line":165,"column":60}},"135":{"start":{"line":169,"column":12},"end":{"line":169,"column":31}},"136":{"start":{"line":170,"column":12},"end":{"line":172,"column":15}},"137":{"start":{"line":175,"column":12},"end":{"line":175,"column":36}},"138":{"start":{"line":176,"column":12},"end":{"line":178,"column":25}},"139":{"start":{"line":179,"column":12},"end":{"line":179,"column":31}},"140":{"start":{"line":180,"column":12},"end":{"line":180,"column":18}},"141":{"start":{"line":183,"column":12},"end":{"line":183,"column":33}},"142":{"start":{"line":184,"column":12},"end":{"line":184,"column":31}},"143":{"start":{"line":185,"column":12},"end":{"line":187,"column":15}},"144":{"start":{"line":186,"column":14},"end":{"line":186,"column":93}},"145":{"start":{"line":190,"column":12},"end":{"line":190,"column":40}},"146":{"start":{"line":191,"column":12},"end":{"line":191,"column":42}},"147":{"start":{"line":195,"column":12},"end":{"line":195,"column":35}},"148":{"start":{"line":200,"column":2},"end":{"line":200,"column":29}},"149":{"start":{"line":201,"column":2},"end":{"line":201,"column":26}},"150":{"start":{"line":202,"column":2},"end":{"line":204,"column":5}},"151":{"start":{"line":203,"column":4},"end":{"line":203,"column":36}},"152":{"start":{"line":205,"column":2},"end":{"line":207,"column":5}},"153":{"start":{"line":206,"column":4},"end":{"line":206,"column":32}},"154":{"start":{"line":209,"column":2},"end":{"line":223,"column":5}},"155":{"start":{"line":210,"column":21},"end":{"line":210,"column":66}},"156":{"start":{"line":213,"column":4},"end":{"line":222,"column":5}},"157":{"start":{"line":214,"column":6},"end":{"line":217,"column":7}},"158":{"start":{"line":215,"column":23},"end":{"line":215,"column":35}},"159":{"start":{"line":216,"column":8},"end":{"line":216,"column":19}},"160":{"start":{"line":219,"column":6},"end":{"line":219,"column":24}},"161":{"start":{"line":221,"column":6},"end":{"line":221,"column":21}},"162":{"start":{"line":233,"column":41},"end":{"line":272,"column":3}},"163":{"start":{"line":234,"column":14},"end":{"line":267,"column":5}},"164":{"start":{"line":239,"column":17},"end":{"line":239,"column":26}},"165":{"start":{"line":240,"column":4},"end":{"line":266,"column":17}},"166":{"start":{"line":241,"column":6},"end":{"line":265,"column":7}},"167":{"start":{"line":242,"column":8},"end":{"line":264,"column":9}},"168":{"start":{"line":244,"column":12},"end":{"line":244,"column":92}},"169":{"start":{"line":245,"column":12},"end":{"line":247,"column":15}},"170":{"start":{"line":246,"column":14},"end":{"line":246,"column":39}},"171":{"start":{"line":253,"column":12},"end":{"line":256,"column":14}},"172":{"start":{"line":254,"column":14},"end":{"line":254,"column":126}},"173":{"start":{"line":254,"column":95},"end":{"line":254,"column":126}},"174":{"start":{"line":255,"column":14},"end":{"line":255,"column":38}},"175":{"start":{"line":258,"column":12},"end":{"line":258,"column":100}},"176":{"start":{"line":258,"column":37},"end":{"line":258,"column":55}},"177":{"start":{"line":258,"column":60},"end":{"line":258,"column":100}},"178":{"start":{"line":259,"column":12},"end":{"line":259,"column":55}},"179":{"start":{"line":263,"column":12},"end":{"line":263,"column":36}},"180":{"start":{"line":269,"column":2},"end":{"line":271,"column":4}},"181":{"start":{"line":270,"column":4},"end":{"line":270,"column":40}},"182":{"start":{"line":274,"column":0},"end":{"line":274,"column":54}},"183":{"start":{"line":275,"column":15},"end":{"line":275,"column":36}},"184":{"start":{"line":280,"column":0},"end":{"line":280,"column":30}}},"fnMap":{"0":{"name":"_createForOfIteratorHelper","decl":{"start":{"line":37,"column":9},"end":{"line":37,"column":35}},"loc":{"start":{"line":37,"column":55},"end":{"line":37,"column":1004}},"line":37},"1":{"name":"F","decl":{"start":{"line":37,"column":313},"end":{"line":37,"column":314}},"loc":{"start":{"line":37,"column":317},"end":{"line":37,"column":319}},"line":37},"2":{"name":"n","decl":{"start":{"line":37,"column":348},"end":{"line":37,"column":349}},"loc":{"start":{"line":37,"column":352},"end":{"line":37,"column":436}},"line":37},"3":{"name":"e","decl":{"start":{"line":37,"column":450},"end":{"line":37,"column":451}},"loc":{"start":{"line":37,"column":456},"end":{"line":37,"column":469}},"line":37},"4":{"name":"s","decl":{"start":{"line":37,"column":712},"end":{"line":37,"column":713}},"loc":{"start":{"line":37,"column":716},"end":{"line":37,"column":736}},"line":37},"5":{"name":"n","decl":{"start":{"line":37,"column":750},"end":{"line":37,"column":751}},"loc":{"start":{"line":37,"column":754},"end":{"line":37,"column":822}},"line":37},"6":{"name":"e","decl":{"start":{"line":37,"column":836},"end":{"line":37,"column":837}},"loc":{"start":{"line":37,"column":843},"end":{"line":37,"column":872}},"line":37},"7":{"name":"f","decl":{"start":{"line":37,"column":886},"end":{"line":37,"column":887}},"loc":{"start":{"line":37,"column":890},"end":{"line":37,"column":999}},"line":37},"8":{"name":"_unsupportedIterableToArray","decl":{"start":{"line":39,"column":9},"end":{"line":39,"column":36}},"loc":{"start":{"line":39,"column":48},"end":{"line":39,"column":416}},"line":39},"9":{"name":"_arrayLikeToArray","decl":{"start":{"line":41,"column":9},"end":{"line":41,"column":26}},"loc":{"start":{"line":41,"column":37},"end":{"line":41,"column":183}},"line":41},"10":{"name":"_getRequireWildcardCache","decl":{"start":{"line":43,"column":9},"end":{"line":43,"column":33}},"loc":{"start":{"line":43,"column":47},"end":{"line":43,"column":335}},"line":43},"11":{"name":"_getRequireWildcardCache","decl":{"start":{"line":43,"column":218},"end":{"line":43,"column":242}},"loc":{"start":{"line":43,"column":256},"end":{"line":43,"column":318}},"line":43},"12":{"name":"_interopRequireWildcard","decl":{"start":{"line":45,"column":9},"end":{"line":45,"column":32}},"loc":{"start":{"line":45,"column":51},"end":{"line":45,"column":811}},"line":45},"13":{"name":"_callee","decl":{"start":{"line":67,"column":89},"end":{"line":67,"column":96}},"loc":{"start":{"line":67,"column":99},"end":{"line":199,"column":3}},"line":67},"14":{"name":"_callee$","decl":{"start":{"line":70,"column":49},"end":{"line":70,"column":57}},"loc":{"start":{"line":70,"column":68},"end":{"line":198,"column":5}},"line":70},"15":{"name":"(anonymous_15)","decl":{"start":{"line":75,"column":55},"end":{"line":75,"column":56}},"loc":{"start":{"line":75,"column":67},"end":{"line":77,"column":13}},"line":75},"16":{"name":"(anonymous_16)","decl":{"start":{"line":77,"column":39},"end":{"line":77,"column":40}},"loc":{"start":{"line":77,"column":51},"end":{"line":79,"column":13}},"line":77},"17":{"name":"(anonymous_17)","decl":{"start":{"line":102,"column":39},"end":{"line":102,"column":40}},"loc":{"start":{"line":102,"column":56},"end":{"line":104,"column":13}},"line":102},"18":{"name":"render","decl":{"start":{"line":106,"column":30},"end":{"line":106,"column":36}},"loc":{"start":{"line":106,"column":47},"end":{"line":143,"column":13}},"line":106},"19":{"name":"beforeParse","decl":{"start":{"line":110,"column":38},"end":{"line":110,"column":49}},"loc":{"start":{"line":110,"column":58},"end":{"line":137,"column":17}},"line":110},"20":{"name":"(anonymous_20)","decl":{"start":{"line":113,"column":71},"end":{"line":113,"column":72}},"loc":{"start":{"line":113,"column":83},"end":{"line":115,"column":19}},"line":113},"21":{"name":"(anonymous_21)","decl":{"start":{"line":116,"column":50},"end":{"line":116,"column":51}},"loc":{"start":{"line":116,"column":62},"end":{"line":122,"column":19}},"line":116},"22":{"name":"(anonymous_22)","decl":{"start":{"line":157,"column":42},"end":{"line":157,"column":43}},"loc":{"start":{"line":157,"column":54},"end":{"line":159,"column":13}},"line":157},"23":{"name":"(anonymous_23)","decl":{"start":{"line":164,"column":42},"end":{"line":164,"column":43}},"loc":{"start":{"line":164,"column":54},"end":{"line":166,"column":13}},"line":164},"24":{"name":"(anonymous_24)","decl":{"start":{"line":185,"column":42},"end":{"line":185,"column":43}},"loc":{"start":{"line":185,"column":54},"end":{"line":187,"column":13}},"line":185},"25":{"name":"(anonymous_25)","decl":{"start":{"line":202,"column":55},"end":{"line":202,"column":56}},"loc":{"start":{"line":202,"column":67},"end":{"line":204,"column":3}},"line":202},"26":{"name":"(anonymous_26)","decl":{"start":{"line":205,"column":34},"end":{"line":205,"column":35}},"loc":{"start":{"line":205,"column":46},"end":{"line":207,"column":3}},"line":205},"27":{"name":"(anonymous_27)","decl":{"start":{"line":209,"column":33},"end":{"line":209,"column":34}},"loc":{"start":{"line":209,"column":45},"end":{"line":223,"column":3}},"line":209},"28":{"name":"(anonymous_28)","decl":{"start":{"line":233,"column":41},"end":{"line":233,"column":42}},"loc":{"start":{"line":233,"column":53},"end":{"line":272,"column":1}},"line":233},"29":{"name":"_callee2","decl":{"start":{"line":234,"column":101},"end":{"line":234,"column":109}},"loc":{"start":{"line":234,"column":112},"end":{"line":267,"column":3}},"line":234},"30":{"name":"_callee2$","decl":{"start":{"line":240,"column":49},"end":{"line":240,"column":58}},"loc":{"start":{"line":240,"column":70},"end":{"line":266,"column":5}},"line":240},"31":{"name":"(anonymous_31)","decl":{"start":{"line":245,"column":34},"end":{"line":245,"column":35}},"loc":{"start":{"line":245,"column":53},"end":{"line":247,"column":13}},"line":245},"32":{"name":"wrappedCallback","decl":{"start":{"line":253,"column":39},"end":{"line":253,"column":54}},"loc":{"start":{"line":253,"column":57},"end":{"line":256,"column":13}},"line":253},"33":{"name":"getInitializedBrowser","decl":{"start":{"line":269,"column":18},"end":{"line":269,"column":39}},"loc":{"start":{"line":269,"column":42},"end":{"line":271,"column":3}},"line":269}},"branchMap":{"0":{"loc":{"start":{"line":37,"column":66},"end":{"line":37,"column":136}},"type":"binary-expr","locations":[{"start":{"line":37,"column":66},"end":{"line":37,"column":95}},{"start":{"line":37,"column":99},"end":{"line":37,"column":117}},{"start":{"line":37,"column":121},"end":{"line":37,"column":136}}],"line":37},"1":{"loc":{"start":{"line":37,"column":138},"end":{"line":37,"column":640}},"type":"if","locations":[{"start":{"line":37,"column":138},"end":{"line":37,"column":640}},{"start":{"line":37,"column":138},"end":{"line":37,"column":640}}],"line":37},"2":{"loc":{"start":{"line":37,"column":149},"end":{"line":37,"column":480}},"type":"if","locations":[{"start":{"line":37,"column":149},"end":{"line":37,"column":480}},{"start":{"line":37,"column":149},"end":{"line":37,"column":480}}],"line":37},"3":{"loc":{"start":{"line":37,"column":153},"end":{"line":37,"column":265}},"type":"binary-expr","locations":[{"start":{"line":37,"column":153},"end":{"line":37,"column":169}},{"start":{"line":37,"column":174},"end":{"line":37,"column":209}},{"start":{"line":37,"column":214},"end":{"line":37,"column":228}},{"start":{"line":37,"column":232},"end":{"line":37,"column":233}},{"start":{"line":37,"column":237},"end":{"line":37,"column":265}}],"line":37},"4":{"loc":{"start":{"line":37,"column":269},"end":{"line":37,"column":284}},"type":"if","locations":[{"start":{"line":37,"column":269},"end":{"line":37,"column":284}},{"start":{"line":37,"column":269},"end":{"line":37,"column":284}}],"line":37},"5":{"loc":{"start":{"line":37,"column":354},"end":{"line":37,"column":395}},"type":"if","locations":[{"start":{"line":37,"column":354},"end":{"line":37,"column":395}},{"start":{"line":37,"column":354},"end":{"line":37,"column":395}}],"line":37},"6":{"loc":{"start":{"line":37,"column":898},"end":{"line":37,"column":960}},"type":"if","locations":[{"start":{"line":37,"column":898},"end":{"line":37,"column":960}},{"start":{"line":37,"column":898},"end":{"line":37,"column":960}}],"line":37},"7":{"loc":{"start":{"line":37,"column":902},"end":{"line":37,"column":943}},"type":"binary-expr","locations":[{"start":{"line":37,"column":902},"end":{"line":37,"column":919}},{"start":{"line":37,"column":923},"end":{"line":37,"column":943}}],"line":37},"8":{"loc":{"start":{"line":37,"column":973},"end":{"line":37,"column":995}},"type":"if","locations":[{"start":{"line":37,"column":973},"end":{"line":37,"column":995}},{"start":{"line":37,"column":973},"end":{"line":37,"column":995}}],"line":37},"9":{"loc":{"start":{"line":39,"column":50},"end":{"line":39,"column":65}},"type":"if","locations":[{"start":{"line":39,"column":50},"end":{"line":39,"column":65}},{"start":{"line":39,"column":50},"end":{"line":39,"column":65}}],"line":39},"10":{"loc":{"start":{"line":39,"column":66},"end":{"line":39,"column":129}},"type":"if","locations":[{"start":{"line":39,"column":66},"end":{"line":39,"column":129}},{"start":{"line":39,"column":66},"end":{"line":39,"column":129}}],"line":39},"11":{"loc":{"start":{"line":39,"column":186},"end":{"line":39,"column":246}},"type":"if","locations":[{"start":{"line":39,"column":186},"end":{"line":39,"column":246}},{"start":{"line":39,"column":186},"end":{"line":39,"column":246}}],"line":39},"12":{"loc":{"start":{"line":39,"column":190},"end":{"line":39,"column":221}},"type":"binary-expr","locations":[{"start":{"line":39,"column":190},"end":{"line":39,"column":204}},{"start":{"line":39,"column":208},"end":{"line":39,"column":221}}],"line":39},"13":{"loc":{"start":{"line":39,"column":247},"end":{"line":39,"column":300}},"type":"if","locations":[{"start":{"line":39,"column":247},"end":{"line":39,"column":300}},{"start":{"line":39,"column":247},"end":{"line":39,"column":300}}],"line":39},"14":{"loc":{"start":{"line":39,"column":251},"end":{"line":39,"column":277}},"type":"binary-expr","locations":[{"start":{"line":39,"column":251},"end":{"line":39,"column":262}},{"start":{"line":39,"column":266},"end":{"line":39,"column":277}}],"line":39},"15":{"loc":{"start":{"line":39,"column":301},"end":{"line":39,"column":414}},"type":"if","locations":[{"start":{"line":39,"column":301},"end":{"line":39,"column":414}},{"start":{"line":39,"column":301},"end":{"line":39,"column":414}}],"line":39},"16":{"loc":{"start":{"line":39,"column":305},"end":{"line":39,"column":376}},"type":"binary-expr","locations":[{"start":{"line":39,"column":305},"end":{"line":39,"column":322}},{"start":{"line":39,"column":326},"end":{"line":39,"column":376}}],"line":39},"17":{"loc":{"start":{"line":41,"column":39},"end":{"line":41,"column":93}},"type":"if","locations":[{"start":{"line":41,"column":39},"end":{"line":41,"column":93}},{"start":{"line":41,"column":39},"end":{"line":41,"column":93}}],"line":41},"18":{"loc":{"start":{"line":41,"column":43},"end":{"line":41,"column":74}},"type":"binary-expr","locations":[{"start":{"line":41,"column":43},"end":{"line":41,"column":54}},{"start":{"line":41,"column":58},"end":{"line":41,"column":74}}],"line":41},"19":{"loc":{"start":{"line":43,"column":49},"end":{"line":43,"column":96}},"type":"if","locations":[{"start":{"line":43,"column":49},"end":{"line":43,"column":96}},{"start":{"line":43,"column":49},"end":{"line":43,"column":96}}],"line":43},"20":{"loc":{"start":{"line":43,"column":265},"end":{"line":43,"column":315}},"type":"cond-expr","locations":[{"start":{"line":43,"column":279},"end":{"line":43,"column":295}},{"start":{"line":43,"column":298},"end":{"line":43,"column":315}}],"line":43},"21":{"loc":{"start":{"line":45,"column":53},"end":{"line":45,"column":111}},"type":"if","locations":[{"start":{"line":45,"column":53},"end":{"line":45,"column":111}},{"start":{"line":45,"column":53},"end":{"line":45,"column":111}}],"line":45},"22":{"loc":{"start":{"line":45,"column":57},"end":{"line":45,"column":94}},"type":"binary-expr","locations":[{"start":{"line":45,"column":57},"end":{"line":45,"column":69}},{"start":{"line":45,"column":73},"end":{"line":45,"column":76}},{"start":{"line":45,"column":80},"end":{"line":45,"column":94}}],"line":45},"23":{"loc":{"start":{"line":45,"column":112},"end":{"line":45,"column":218}},"type":"if","locations":[{"start":{"line":45,"column":112},"end":{"line":45,"column":218}},{"start":{"line":45,"column":112},"end":{"line":45,"column":218}}],"line":45},"24":{"loc":{"start":{"line":45,"column":116},"end":{"line":45,"column":186}},"type":"binary-expr","locations":[{"start":{"line":45,"column":116},"end":{"line":45,"column":128}},{"start":{"line":45,"column":132},"end":{"line":45,"column":157}},{"start":{"line":45,"column":161},"end":{"line":45,"column":186}}],"line":45},"25":{"loc":{"start":{"line":45,"column":270},"end":{"line":45,"column":325}},"type":"if","locations":[{"start":{"line":45,"column":270},"end":{"line":45,"column":325}},{"start":{"line":45,"column":270},"end":{"line":45,"column":325}}],"line":45},"26":{"loc":{"start":{"line":45,"column":274},"end":{"line":45,"column":297}},"type":"binary-expr","locations":[{"start":{"line":45,"column":274},"end":{"line":45,"column":279}},{"start":{"line":45,"column":283},"end":{"line":45,"column":297}}],"line":45},"27":{"loc":{"start":{"line":45,"column":371},"end":{"line":45,"column":427}},"type":"binary-expr","locations":[{"start":{"line":45,"column":371},"end":{"line":45,"column":392}},{"start":{"line":45,"column":396},"end":{"line":45,"column":427}}],"line":45},"28":{"loc":{"start":{"line":45,"column":452},"end":{"line":45,"column":728}},"type":"if","locations":[{"start":{"line":45,"column":452},"end":{"line":45,"column":728}},{"start":{"line":45,"column":452},"end":{"line":45,"column":728}}],"line":45},"29":{"loc":{"start":{"line":45,"column":456},"end":{"line":45,"column":523}},"type":"binary-expr","locations":[{"start":{"line":45,"column":456},"end":{"line":45,"column":473}},{"start":{"line":45,"column":477},"end":{"line":45,"column":523}}],"line":45},"30":{"loc":{"start":{"line":45,"column":538},"end":{"line":45,"column":610}},"type":"cond-expr","locations":[{"start":{"line":45,"column":562},"end":{"line":45,"column":603}},{"start":{"line":45,"column":606},"end":{"line":45,"column":610}}],"line":45},"31":{"loc":{"start":{"line":45,"column":612},"end":{"line":45,"column":726}},"type":"if","locations":[{"start":{"line":45,"column":612},"end":{"line":45,"column":726}},{"start":{"line":45,"column":612},"end":{"line":45,"column":726}}],"line":45},"32":{"loc":{"start":{"line":45,"column":616},"end":{"line":45,"column":646}},"type":"binary-expr","locations":[{"start":{"line":45,"column":616},"end":{"line":45,"column":620}},{"start":{"line":45,"column":625},"end":{"line":45,"column":633}},{"start":{"line":45,"column":637},"end":{"line":45,"column":645}}],"line":45},"33":{"loc":{"start":{"line":45,"column":756},"end":{"line":45,"column":794}},"type":"if","locations":[{"start":{"line":45,"column":756},"end":{"line":45,"column":794}},{"start":{"line":45,"column":756},"end":{"line":45,"column":794}}],"line":45},"34":{"loc":{"start":{"line":62,"column":0},"end":{"line":224,"column":1}},"type":"if","locations":[{"start":{"line":62,"column":0},"end":{"line":224,"column":1}},{"start":{"line":62,"column":0},"end":{"line":224,"column":1}}],"line":62},"35":{"loc":{"start":{"line":62,"column":4},"end":{"line":62,"column":76}},"type":"binary-expr","locations":[{"start":{"line":62,"column":4},"end":{"line":62,"column":44}},{"start":{"line":62,"column":48},"end":{"line":62,"column":76}}],"line":62},"36":{"loc":{"start":{"line":72,"column":8},"end":{"line":196,"column":9}},"type":"switch","locations":[{"start":{"line":73,"column":10},"end":{"line":79,"column":17}},{"start":{"line":81,"column":10},"end":{"line":159,"column":15}},{"start":{"line":161,"column":10},"end":{"line":166,"column":15}},{"start":{"line":168,"column":10},"end":{"line":172,"column":15}},{"start":{"line":174,"column":10},"end":{"line":180,"column":18}},{"start":{"line":182,"column":10},"end":{"line":187,"column":15}},{"start":{"line":189,"column":10},"end":{"line":191,"column":42}},{"start":{"line":193,"column":10},"end":{"line":193,"column":18}},{"start":{"line":194,"column":10},"end":{"line":195,"column":35}}],"line":72},"37":{"loc":{"start":{"line":103,"column":14},"end":{"line":103,"column":215}},"type":"if","locations":[{"start":{"line":103,"column":14},"end":{"line":103,"column":215}},{"start":{"line":103,"column":14},"end":{"line":103,"column":215}}],"line":103},"38":{"loc":{"start":{"line":103,"column":18},"end":{"line":103,"column":95}},"type":"binary-expr","locations":[{"start":{"line":103,"column":18},"end":{"line":103,"column":32}},{"start":{"line":103,"column":36},"end":{"line":103,"column":95}}],"line":103},"39":{"loc":{"start":{"line":145,"column":12},"end":{"line":148,"column":13}},"type":"if","locations":[{"start":{"line":145,"column":12},"end":{"line":148,"column":13}},{"start":{"line":145,"column":12},"end":{"line":148,"column":13}}],"line":145},"40":{"loc":{"start":{"line":145,"column":18},"end":{"line":145,"column":72}},"type":"binary-expr","locations":[{"start":{"line":145,"column":18},"end":{"line":145,"column":45}},{"start":{"line":145,"column":49},"end":{"line":145,"column":72}}],"line":145},"41":{"loc":{"start":{"line":242,"column":8},"end":{"line":264,"column":9}},"type":"switch","locations":[{"start":{"line":243,"column":10},"end":{"line":259,"column":55}},{"start":{"line":261,"column":10},"end":{"line":261,"column":17}},{"start":{"line":262,"column":10},"end":{"line":263,"column":36}}],"line":242},"42":{"loc":{"start":{"line":244,"column":28},"end":{"line":244,"column":91}},"type":"cond-expr","locations":[{"start":{"line":244,"column":75},"end":{"line":244,"column":84}},{"start":{"line":244,"column":87},"end":{"line":244,"column":91}}],"line":244},"43":{"loc":{"start":{"line":244,"column":28},"end":{"line":244,"column":72}},"type":"binary-expr","locations":[{"start":{"line":244,"column":28},"end":{"line":244,"column":45}},{"start":{"line":244,"column":49},"end":{"line":244,"column":72}}],"line":244},"44":{"loc":{"start":{"line":254,"column":14},"end":{"line":254,"column":126}},"type":"if","locations":[{"start":{"line":254,"column":14},"end":{"line":254,"column":126}},{"start":{"line":254,"column":14},"end":{"line":254,"column":126}}],"line":254},"45":{"loc":{"start":{"line":254,"column":18},"end":{"line":254,"column":93}},"type":"binary-expr","locations":[{"start":{"line":254,"column":18},"end":{"line":254,"column":31}},{"start":{"line":254,"column":35},"end":{"line":254,"column":64}},{"start":{"line":254,"column":68},"end":{"line":254,"column":93}}],"line":254},"46":{"loc":{"start":{"line":258,"column":12},"end":{"line":258,"column":100}},"type":"if","locations":[{"start":{"line":258,"column":12},"end":{"line":258,"column":100}},{"start":{"line":258,"column":12},"end":{"line":258,"column":100}}],"line":258}},"s":{"0":1,"1":1,"2":1,"3":1,"4":1,"5":1,"6":1,"7":1,"8":2,"9":2,"10":0,"11":0,"12":0,"13":0,"14":0,"15":0,"16":0,"17":0,"18":0,"19":0,"20":0,"21":2,"22":2,"23":2,"24":2,"25":8,"26":8,"27":8,"28":0,"29":0,"30":2,"31":2,"32":0,"33":2,"34":0,"35":0,"36":0,"37":0,"38":0,"39":0,"40":0,"41":0,"42":0,"43":0,"44":0,"45":0,"46":0,"47":0,"48":0,"49":0,"50":0,"51":0,"52":0,"53":1,"54":0,"55":1,"56":1,"57":1,"58":3,"59":5,"60":2,"61":3,"62":0,"63":3,"64":3,"65":0,"66":3,"67":3,"68":3,"69":120,"70":120,"71":120,"72":5,"73":115,"74":3,"75":3,"76":3,"77":3,"78":1,"79":1,"80":1,"81":1,"82":1,"83":1,"84":5,"85":6,"86":1,"87":1,"88":1,"89":1,"90":1,"91":1,"92":1,"93":1,"94":1,"95":1,"96":1,"97":1,"98":1,"99":1,"100":5,"101":5,"102":0,"103":1,"104":1,"105":0,"106":0,"107":0,"108":1,"109":1,"110":1,"111":1,"112":1,"113":1,"114":1,"115":1,"116":1,"117":1,"118":1,"119":1,"120":1,"121":1,"122":0,"123":1,"124":1,"125":0,"126":0,"127":1,"128":1,"129":1,"130":1,"131":1,"132":1,"133":1,"134":1,"135":1,"136":1,"137":1,"138":1,"139":1,"140":1,"141":0,"142":0,"143":0,"144":0,"145":0,"146":0,"147":1,"148":0,"149":0,"150":0,"151":0,"152":0,"153":0,"154":0,"155":0,"156":0,"157":0,"158":0,"159":0,"160":0,"161":0,"162":1,"163":1,"164":1,"165":1,"166":2,"167":2,"168":1,"169":1,"170":1,"171":1,"172":1,"173":1,"174":1,"175":1,"176":0,"177":1,"178":1,"179":1,"180":1,"181":1,"182":1,"183":1,"184":1},"f":{"0":2,"1":0,"2":0,"3":0,"4":2,"5":8,"6":0,"7":2,"8":0,"9":0,"10":1,"11":3,"12":5,"13":1,"14":5,"15":1,"16":1,"17":0,"18":1,"19":1,"20":1,"21":1,"22":1,"23":1,"24":0,"25":0,"26":0,"27":0,"28":1,"29":1,"30":2,"31":1,"32":1,"33":1},"b":{"0":[2,2,0],"1":[0,2],"2":[0,0],"3":[0,0,0,0,0],"4":[0,0],"5":[0,0],"6":[0,2],"7":[2,0],"8":[0,2],"9":[0,0],"10":[0,0],"11":[0,0],"12":[0,0],"13":[0,0],"14":[0,0],"15":[0,0],"16":[0,0],"17":[0,0],"18":[0,0],"19":[0,1],"20":[0,3],"21":[2,3],"22":[5,5,5],"23":[0,3],"24":[3,3,0],"25":[0,3],"26":[3,3],"27":[3,3],"28":[120,0],"29":[120,120],"30":[120,0],"31":[5,115],"32":[120,120,115],"33":[3,0],"34":[1,0],"35":[1,0],"36":[1,1,1,1,1,0,0,1,1],"37":[0,0],"38":[0,0],"39":[0,1],"40":[1,0],"41":[1,0,1],"42":[0,1],"43":[1,0],"44":[1,0],"45":[1,1,1],"46":[0,1]},"_coverageSchema":"1a1c01bbd47fc00a2c39e90264f33305004495a9","hash":"65f3de00023b5a7e7d82fb509f113b9f8aa8d538"}
,"/home/torben/cloud/data/public/project/repository/weboptimizer/configurator.js": {"path":"/home/torben/cloud/data/public/project/repository/weboptimizer/configurator.js","statementMap":{"0":{"start":{"line":20,"column":29},"end":{"line":20,"column":84}},"1":{"start":{"line":22,"column":15},"end":{"line":22,"column":55}},"2":{"start":{"line":24,"column":0},"end":{"line":26,"column":3}},"3":{"start":{"line":27,"column":0},"end":{"line":27,"column":60}},"4":{"start":{"line":29,"column":15},"end":{"line":29,"column":79}},"5":{"start":{"line":31,"column":18},"end":{"line":31,"column":64}},"6":{"start":{"line":33,"column":10},"end":{"line":33,"column":47}},"7":{"start":{"line":35,"column":12},"end":{"line":35,"column":51}},"8":{"start":{"line":37,"column":14},"end":{"line":37,"column":57}},"9":{"start":{"line":39,"column":15},"end":{"line":39,"column":40}},"10":{"start":{"line":41,"column":13},"end":{"line":41,"column":30}},"11":{"start":{"line":45,"column":49},"end":{"line":45,"column":96}},"12":{"start":{"line":45,"column":84},"end":{"line":45,"column":96}},"13":{"start":{"line":45,"column":121},"end":{"line":45,"column":134}},"14":{"start":{"line":45,"column":159},"end":{"line":45,"column":172}},"15":{"start":{"line":45,"column":174},"end":{"line":45,"column":333}},"16":{"start":{"line":45,"column":258},"end":{"line":45,"column":316}},"17":{"start":{"line":47,"column":53},"end":{"line":47,"column":111}},"18":{"start":{"line":47,"column":98},"end":{"line":47,"column":109}},"19":{"start":{"line":47,"column":112},"end":{"line":47,"column":219}},"20":{"start":{"line":47,"column":191},"end":{"line":47,"column":217}},"21":{"start":{"line":47,"column":232},"end":{"line":47,"column":269}},"22":{"start":{"line":47,"column":271},"end":{"line":47,"column":326}},"23":{"start":{"line":47,"column":302},"end":{"line":47,"column":324}},"24":{"start":{"line":47,"column":340},"end":{"line":47,"column":342}},"25":{"start":{"line":47,"column":372},"end":{"line":47,"column":428}},"26":{"start":{"line":47,"column":430},"end":{"line":47,"column":731}},"27":{"start":{"line":47,"column":453},"end":{"line":47,"column":729}},"28":{"start":{"line":47,"column":539},"end":{"line":47,"column":611}},"29":{"start":{"line":47,"column":613},"end":{"line":47,"column":727}},"30":{"start":{"line":47,"column":651},"end":{"line":47,"column":692}},"31":{"start":{"line":47,"column":702},"end":{"line":47,"column":725}},"32":{"start":{"line":47,"column":732},"end":{"line":47,"column":756}},"33":{"start":{"line":47,"column":757},"end":{"line":47,"column":795}},"34":{"start":{"line":47,"column":770},"end":{"line":47,"column":793}},"35":{"start":{"line":47,"column":796},"end":{"line":47,"column":810}},"36":{"start":{"line":49,"column":66},"end":{"line":49,"column":136}},"37":{"start":{"line":49,"column":138},"end":{"line":49,"column":640}},"38":{"start":{"line":49,"column":149},"end":{"line":49,"column":480}},"39":{"start":{"line":49,"column":269},"end":{"line":49,"column":284}},"40":{"start":{"line":49,"column":277},"end":{"line":49,"column":284}},"41":{"start":{"line":49,"column":293},"end":{"line":49,"column":294}},"42":{"start":{"line":49,"column":304},"end":{"line":49,"column":319}},"43":{"start":{"line":49,"column":321},"end":{"line":49,"column":478}},"44":{"start":{"line":49,"column":354},"end":{"line":49,"column":395}},"45":{"start":{"line":49,"column":373},"end":{"line":49,"column":395}},"46":{"start":{"line":49,"column":396},"end":{"line":49,"column":434}},"47":{"start":{"line":49,"column":458},"end":{"line":49,"column":467}},"48":{"start":{"line":49,"column":481},"end":{"line":49,"column":638}},"49":{"start":{"line":49,"column":664},"end":{"line":49,"column":668}},"50":{"start":{"line":49,"column":679},"end":{"line":49,"column":684}},"51":{"start":{"line":49,"column":691},"end":{"line":49,"column":1002}},"52":{"start":{"line":49,"column":718},"end":{"line":49,"column":734}},"53":{"start":{"line":49,"column":767},"end":{"line":49,"column":776}},"54":{"start":{"line":49,"column":778},"end":{"line":49,"column":807}},"55":{"start":{"line":49,"column":808},"end":{"line":49,"column":820}},"56":{"start":{"line":49,"column":845},"end":{"line":49,"column":859}},"57":{"start":{"line":49,"column":860},"end":{"line":49,"column":870}},"58":{"start":{"line":49,"column":892},"end":{"line":49,"column":997}},"59":{"start":{"line":49,"column":898},"end":{"line":49,"column":960}},"60":{"start":{"line":49,"column":945},"end":{"line":49,"column":960}},"61":{"start":{"line":49,"column":973},"end":{"line":49,"column":995}},"62":{"start":{"line":49,"column":985},"end":{"line":49,"column":995}},"63":{"start":{"line":51,"column":50},"end":{"line":51,"column":65}},"64":{"start":{"line":51,"column":58},"end":{"line":51,"column":65}},"65":{"start":{"line":51,"column":66},"end":{"line":51,"column":129}},"66":{"start":{"line":51,"column":93},"end":{"line":51,"column":129}},"67":{"start":{"line":51,"column":138},"end":{"line":51,"column":184}},"68":{"start":{"line":51,"column":186},"end":{"line":51,"column":246}},"69":{"start":{"line":51,"column":223},"end":{"line":51,"column":246}},"70":{"start":{"line":51,"column":247},"end":{"line":51,"column":300}},"71":{"start":{"line":51,"column":279},"end":{"line":51,"column":300}},"72":{"start":{"line":51,"column":301},"end":{"line":51,"column":414}},"73":{"start":{"line":51,"column":378},"end":{"line":51,"column":414}},"74":{"start":{"line":53,"column":39},"end":{"line":53,"column":93}},"75":{"start":{"line":53,"column":76},"end":{"line":53,"column":93}},"76":{"start":{"line":53,"column":94},"end":{"line":53,"column":168}},"77":{"start":{"line":53,"column":107},"end":{"line":53,"column":108}},"78":{"start":{"line":53,"column":117},"end":{"line":53,"column":131}},"79":{"start":{"line":53,"column":149},"end":{"line":53,"column":166}},"80":{"start":{"line":53,"column":169},"end":{"line":53,"column":181}},"81":{"start":{"line":61,"column":0},"end":{"line":61,"column":59}},"82":{"start":{"line":63,"column":0},"end":{"line":66,"column":1}},"83":{"start":{"line":64,"column":2},"end":{"line":64,"column":134}},"84":{"start":{"line":65,"column":2},"end":{"line":65,"column":132}},"85":{"start":{"line":65,"column":126},"end":{"line":65,"column":132}},"86":{"start":{"line":68,"column":0},"end":{"line":84,"column":3}},"87":{"start":{"line":73,"column":2},"end":{"line":73,"column":65}},"88":{"start":{"line":74,"column":2},"end":{"line":74,"column":63}},"89":{"start":{"line":81,"column":2},"end":{"line":84,"column":3}},"90":{"start":{"line":82,"column":4},"end":{"line":82,"column":168}},"91":{"start":{"line":82,"column":105},"end":{"line":82,"column":168}},"92":{"start":{"line":86,"column":28},"end":{"line":86,"column":30}},"93":{"start":{"line":88,"column":0},"end":{"line":94,"column":1}},"94":{"start":{"line":90,"column":2},"end":{"line":90,"column":124}},"95":{"start":{"line":93,"column":2},"end":{"line":93,"column":65}},"96":{"start":{"line":96,"column":11},"end":{"line":96,"column":97}},"97":{"start":{"line":97,"column":0},"end":{"line":97,"column":65}},"98":{"start":{"line":98,"column":0},"end":{"line":98,"column":34}},"99":{"start":{"line":103,"column":12},"end":{"line":103,"column":51}},"100":{"start":{"line":104,"column":0},"end":{"line":104,"column":261}},"101":{"start":{"line":104,"column":54},"end":{"line":104,"column":90}},"102":{"start":{"line":104,"column":95},"end":{"line":104,"column":261}},"103":{"start":{"line":104,"column":248},"end":{"line":104,"column":261}},"104":{"start":{"line":105,"column":0},"end":{"line":106,"column":47}},"105":{"start":{"line":106,"column":2},"end":{"line":106,"column":47}},"106":{"start":{"line":109,"column":0},"end":{"line":109,"column":54}},"107":{"start":{"line":112,"column":27},"end":{"line":112,"column":57}},"108":{"start":{"line":114,"column":0},"end":{"line":114,"column":250}},"109":{"start":{"line":114,"column":11},"end":{"line":114,"column":195}},"110":{"start":{"line":114,"column":200},"end":{"line":114,"column":250}},"111":{"start":{"line":115,"column":0},"end":{"line":115,"column":28}},"112":{"start":{"line":116,"column":0},"end":{"line":116,"column":207}},"113":{"start":{"line":116,"column":66},"end":{"line":116,"column":207}},"114":{"start":{"line":117,"column":0},"end":{"line":117,"column":324}},"115":{"start":{"line":117,"column":176},"end":{"line":117,"column":324}},"116":{"start":{"line":121,"column":12},"end":{"line":121,"column":13}},"117":{"start":{"line":122,"column":15},"end":{"line":122,"column":19}},"118":{"start":{"line":124,"column":0},"end":{"line":129,"column":1}},"119":{"start":{"line":125,"column":20},"end":{"line":125,"column":96}},"120":{"start":{"line":126,"column":2},"end":{"line":126,"column":61}},"121":{"start":{"line":126,"column":55},"end":{"line":126,"column":61}},"122":{"start":{"line":127,"column":2},"end":{"line":127,"column":25}},"123":{"start":{"line":128,"column":2},"end":{"line":128,"column":13}},"124":{"start":{"line":131,"column":25},"end":{"line":133,"column":1}},"125":{"start":{"line":135,"column":0},"end":{"line":143,"column":1}},"126":{"start":{"line":136,"column":2},"end":{"line":138,"column":6}},"127":{"start":{"line":140,"column":2},"end":{"line":142,"column":5}},"128":{"start":{"line":141,"column":4},"end":{"line":141,"column":27}},"129":{"start":{"line":141,"column":15},"end":{"line":141,"column":27}},"130":{"start":{"line":147,"column":0},"end":{"line":164,"column":1}},"131":{"start":{"line":148,"column":18},"end":{"line":148,"column":74}},"132":{"start":{"line":151,"column":2},"end":{"line":163,"column":3}},"133":{"start":{"line":152,"column":4},"end":{"line":158,"column":5}},"134":{"start":{"line":153,"column":17},"end":{"line":153,"column":28}},"135":{"start":{"line":154,"column":6},"end":{"line":157,"column":7}},"136":{"start":{"line":154,"column":97},"end":{"line":157,"column":7}},"137":{"start":{"line":154,"column":111},"end":{"line":154,"column":112}},"138":{"start":{"line":154,"column":121},"end":{"line":154,"column":159}},"139":{"start":{"line":155,"column":34},"end":{"line":155,"column":42}},"140":{"start":{"line":156,"column":8},"end":{"line":156,"column":225}},"141":{"start":{"line":156,"column":77},"end":{"line":156,"column":225}},"142":{"start":{"line":160,"column":4},"end":{"line":160,"column":21}},"143":{"start":{"line":162,"column":4},"end":{"line":162,"column":18}},"144":{"start":{"line":168,"column":17},"end":{"line":168,"column":73}},"145":{"start":{"line":171,"column":0},"end":{"line":187,"column":1}},"146":{"start":{"line":172,"column":2},"end":{"line":179,"column":3}},"147":{"start":{"line":173,"column":17},"end":{"line":173,"column":29}},"148":{"start":{"line":175,"column":4},"end":{"line":178,"column":5}},"149":{"start":{"line":175,"column":19},"end":{"line":175,"column":20}},"150":{"start":{"line":175,"column":30},"end":{"line":175,"column":68}},"151":{"start":{"line":176,"column":33},"end":{"line":176,"column":43}},"152":{"start":{"line":177,"column":6},"end":{"line":177,"column":185}},"153":{"start":{"line":177,"column":149},"end":{"line":177,"column":185}},"154":{"start":{"line":184,"column":2},"end":{"line":184,"column":20}},"155":{"start":{"line":186,"column":2},"end":{"line":186,"column":17}},"156":{"start":{"line":189,"column":0},"end":{"line":189,"column":211}},"157":{"start":{"line":191,"column":13},"end":{"line":191,"column":17}},"158":{"start":{"line":192,"column":0},"end":{"line":192,"column":253}},"159":{"start":{"line":192,"column":61},"end":{"line":192,"column":253}},"160":{"start":{"line":194,"column":0},"end":{"line":216,"column":1}},"161":{"start":{"line":195,"column":2},"end":{"line":213,"column":3}},"162":{"start":{"line":196,"column":25},"end":{"line":196,"column":56}},"163":{"start":{"line":197,"column":4},"end":{"line":197,"column":32}},"164":{"start":{"line":199,"column":21},"end":{"line":199,"column":63}},"165":{"start":{"line":202,"column":4},"end":{"line":212,"column":5}},"166":{"start":{"line":203,"column":6},"end":{"line":207,"column":7}},"167":{"start":{"line":204,"column":20},"end":{"line":204,"column":32}},"168":{"start":{"line":206,"column":8},"end":{"line":206,"column":74}},"169":{"start":{"line":209,"column":6},"end":{"line":209,"column":24}},"170":{"start":{"line":211,"column":6},"end":{"line":211,"column":21}},"171":{"start":{"line":215,"column":2},"end":{"line":215,"column":106}},"172":{"start":{"line":219,"column":0},"end":{"line":219,"column":65}},"173":{"start":{"line":222,"column":0},"end":{"line":222,"column":104}},"174":{"start":{"line":224,"column":0},"end":{"line":238,"column":1}},"175":{"start":{"line":225,"column":2},"end":{"line":237,"column":3}},"176":{"start":{"line":225,"column":134},"end":{"line":225,"column":241}},"177":{"start":{"line":225,"column":246},"end":{"line":237,"column":3}},"178":{"start":{"line":226,"column":4},"end":{"line":226,"column":149}},"179":{"start":{"line":226,"column":38},"end":{"line":226,"column":149}},"180":{"start":{"line":228,"column":4},"end":{"line":236,"column":5}},"181":{"start":{"line":229,"column":6},"end":{"line":235,"column":7}},"182":{"start":{"line":229,"column":176},"end":{"line":229,"column":304}},"183":{"start":{"line":229,"column":309},"end":{"line":235,"column":7}},"184":{"start":{"line":230,"column":8},"end":{"line":230,"column":140}},"185":{"start":{"line":232,"column":8},"end":{"line":234,"column":9}},"186":{"start":{"line":233,"column":10},"end":{"line":233,"column":344}},"187":{"start":{"line":233,"column":186},"end":{"line":233,"column":344}},"188":{"start":{"line":241,"column":10},"end":{"line":241,"column":20}},"189":{"start":{"line":247,"column":28},"end":{"line":258,"column":2}},"190":{"start":{"line":263,"column":0},"end":{"line":263,"column":54}},"191":{"start":{"line":264,"column":27},"end":{"line":264,"column":78}},"192":{"start":{"line":265,"column":0},"end":{"line":265,"column":59}},"193":{"start":{"line":267,"column":0},"end":{"line":273,"column":1}},"194":{"start":{"line":268,"column":2},"end":{"line":272,"column":6}},"195":{"start":{"line":268,"column":93},"end":{"line":272,"column":6}},"196":{"start":{"line":277,"column":0},"end":{"line":279,"column":85}},"197":{"start":{"line":280,"column":0},"end":{"line":284,"column":294}},"198":{"start":{"line":281,"column":2},"end":{"line":281,"column":80}},"199":{"start":{"line":283,"column":2},"end":{"line":283,"column":66}},"200":{"start":{"line":285,"column":21},"end":{"line":285,"column":58}},"201":{"start":{"line":286,"column":0},"end":{"line":293,"column":2}},"202":{"start":{"line":289,"column":4},"end":{"line":289,"column":82}},"203":{"start":{"line":291,"column":4},"end":{"line":291,"column":68}},"204":{"start":{"line":294,"column":0},"end":{"line":296,"column":2}},"205":{"start":{"line":298,"column":0},"end":{"line":327,"column":1}},"206":{"start":{"line":299,"column":2},"end":{"line":326,"column":3}},"207":{"start":{"line":300,"column":21},"end":{"line":300,"column":108}},"208":{"start":{"line":303,"column":4},"end":{"line":325,"column":5}},"209":{"start":{"line":304,"column":6},"end":{"line":320,"column":7}},"210":{"start":{"line":305,"column":23},"end":{"line":305,"column":35}},"211":{"start":{"line":307,"column":24},"end":{"line":315,"column":280}},"212":{"start":{"line":317,"column":21},"end":{"line":317,"column":25}},"213":{"start":{"line":318,"column":8},"end":{"line":318,"column":237}},"214":{"start":{"line":318,"column":23},"end":{"line":318,"column":151}},"215":{"start":{"line":318,"column":156},"end":{"line":318,"column":237}},"216":{"start":{"line":319,"column":8},"end":{"line":319,"column":64}},"217":{"start":{"line":319,"column":20},"end":{"line":319,"column":64}},"218":{"start":{"line":322,"column":6},"end":{"line":322,"column":24}},"219":{"start":{"line":324,"column":6},"end":{"line":324,"column":21}},"220":{"start":{"line":333,"column":0},"end":{"line":333,"column":80}},"221":{"start":{"line":335,"column":17},"end":{"line":335,"column":224}},"222":{"start":{"line":338,"column":0},"end":{"line":349,"column":1}},"223":{"start":{"line":339,"column":2},"end":{"line":344,"column":3}},"224":{"start":{"line":340,"column":17},"end":{"line":340,"column":29}},"225":{"start":{"line":341,"column":4},"end":{"line":341,"column":166}},"226":{"start":{"line":341,"column":84},"end":{"line":341,"column":166}},"227":{"start":{"line":342,"column":4},"end":{"line":342,"column":96}},"228":{"start":{"line":343,"column":4},"end":{"line":343,"column":175}},"229":{"start":{"line":343,"column":24},"end":{"line":343,"column":175}},"230":{"start":{"line":346,"column":2},"end":{"line":346,"column":20}},"231":{"start":{"line":348,"column":2},"end":{"line":348,"column":17}},"232":{"start":{"line":351,"column":0},"end":{"line":351,"column":133}},"233":{"start":{"line":359,"column":17},"end":{"line":359,"column":77}},"234":{"start":{"line":362,"column":0},"end":{"line":397,"column":1}},"235":{"start":{"line":363,"column":2},"end":{"line":391,"column":3}},"236":{"start":{"line":364,"column":28},"end":{"line":364,"column":40}},"237":{"start":{"line":366,"column":4},"end":{"line":366,"column":100}},"238":{"start":{"line":368,"column":4},"end":{"line":368,"column":77}},"239":{"start":{"line":370,"column":4},"end":{"line":390,"column":5}},"240":{"start":{"line":371,"column":26},"end":{"line":371,"column":161}},"241":{"start":{"line":378,"column":6},"end":{"line":382,"column":45}},"242":{"start":{"line":379,"column":8},"end":{"line":381,"column":10}},"243":{"start":{"line":380,"column":10},"end":{"line":380,"column":23}},"244":{"start":{"line":389,"column":6},"end":{"line":389,"column":57}},"245":{"start":{"line":394,"column":2},"end":{"line":394,"column":20}},"246":{"start":{"line":396,"column":2},"end":{"line":396,"column":17}},"247":{"start":{"line":399,"column":15},"end":{"line":399,"column":36}},"248":{"start":{"line":404,"column":0},"end":{"line":404,"column":30}}},"fnMap":{"0":{"name":"_getRequireWildcardCache","decl":{"start":{"line":45,"column":9},"end":{"line":45,"column":33}},"loc":{"start":{"line":45,"column":47},"end":{"line":45,"column":335}},"line":45},"1":{"name":"_getRequireWildcardCache","decl":{"start":{"line":45,"column":218},"end":{"line":45,"column":242}},"loc":{"start":{"line":45,"column":256},"end":{"line":45,"column":318}},"line":45},"2":{"name":"_interopRequireWildcard","decl":{"start":{"line":47,"column":9},"end":{"line":47,"column":32}},"loc":{"start":{"line":47,"column":51},"end":{"line":47,"column":812}},"line":47},"3":{"name":"_createForOfIteratorHelper","decl":{"start":{"line":49,"column":9},"end":{"line":49,"column":35}},"loc":{"start":{"line":49,"column":55},"end":{"line":49,"column":1004}},"line":49},"4":{"name":"F","decl":{"start":{"line":49,"column":313},"end":{"line":49,"column":314}},"loc":{"start":{"line":49,"column":317},"end":{"line":49,"column":319}},"line":49},"5":{"name":"n","decl":{"start":{"line":49,"column":348},"end":{"line":49,"column":349}},"loc":{"start":{"line":49,"column":352},"end":{"line":49,"column":436}},"line":49},"6":{"name":"e","decl":{"start":{"line":49,"column":450},"end":{"line":49,"column":451}},"loc":{"start":{"line":49,"column":456},"end":{"line":49,"column":469}},"line":49},"7":{"name":"s","decl":{"start":{"line":49,"column":712},"end":{"line":49,"column":713}},"loc":{"start":{"line":49,"column":716},"end":{"line":49,"column":736}},"line":49},"8":{"name":"n","decl":{"start":{"line":49,"column":750},"end":{"line":49,"column":751}},"loc":{"start":{"line":49,"column":754},"end":{"line":49,"column":822}},"line":49},"9":{"name":"e","decl":{"start":{"line":49,"column":836},"end":{"line":49,"column":837}},"loc":{"start":{"line":49,"column":843},"end":{"line":49,"column":872}},"line":49},"10":{"name":"f","decl":{"start":{"line":49,"column":886},"end":{"line":49,"column":887}},"loc":{"start":{"line":49,"column":890},"end":{"line":49,"column":999}},"line":49},"11":{"name":"_unsupportedIterableToArray","decl":{"start":{"line":51,"column":9},"end":{"line":51,"column":36}},"loc":{"start":{"line":51,"column":48},"end":{"line":51,"column":416}},"line":51},"12":{"name":"_arrayLikeToArray","decl":{"start":{"line":53,"column":9},"end":{"line":53,"column":26}},"loc":{"start":{"line":53,"column":37},"end":{"line":53,"column":183}},"line":53},"13":{"name":"(anonymous_13)","decl":{"start":{"line":140,"column":34},"end":{"line":140,"column":35}},"loc":{"start":{"line":140,"column":51},"end":{"line":142,"column":3}},"line":140},"14":{"name":"(anonymous_14)","decl":{"start":{"line":280,"column":418},"end":{"line":280,"column":419}},"loc":{"start":{"line":280,"column":438},"end":{"line":282,"column":1}},"line":280},"15":{"name":"(anonymous_15)","decl":{"start":{"line":282,"column":10},"end":{"line":282,"column":11}},"loc":{"start":{"line":282,"column":30},"end":{"line":284,"column":1}},"line":282},"16":{"name":"(anonymous_16)","decl":{"start":{"line":288,"column":422},"end":{"line":288,"column":423}},"loc":{"start":{"line":288,"column":442},"end":{"line":290,"column":3}},"line":288},"17":{"name":"(anonymous_17)","decl":{"start":{"line":290,"column":12},"end":{"line":290,"column":13}},"loc":{"start":{"line":290,"column":32},"end":{"line":292,"column":3}},"line":290},"18":{"name":"(anonymous_18)","decl":{"start":{"line":378,"column":30},"end":{"line":378,"column":31}},"loc":{"start":{"line":378,"column":47},"end":{"line":382,"column":7}},"line":378},"19":{"name":"(anonymous_19)","decl":{"start":{"line":379,"column":15},"end":{"line":379,"column":16}},"loc":{"start":{"line":379,"column":27},"end":{"line":381,"column":9}},"line":379}},"branchMap":{"0":{"loc":{"start":{"line":45,"column":49},"end":{"line":45,"column":96}},"type":"if","locations":[{"start":{"line":45,"column":49},"end":{"line":45,"column":96}},{"start":{"line":45,"column":49},"end":{"line":45,"column":96}}],"line":45},"1":{"loc":{"start":{"line":45,"column":265},"end":{"line":45,"column":315}},"type":"cond-expr","locations":[{"start":{"line":45,"column":279},"end":{"line":45,"column":295}},{"start":{"line":45,"column":298},"end":{"line":45,"column":315}}],"line":45},"2":{"loc":{"start":{"line":47,"column":53},"end":{"line":47,"column":111}},"type":"if","locations":[{"start":{"line":47,"column":53},"end":{"line":47,"column":111}},{"start":{"line":47,"column":53},"end":{"line":47,"column":111}}],"line":47},"3":{"loc":{"start":{"line":47,"column":57},"end":{"line":47,"column":94}},"type":"binary-expr","locations":[{"start":{"line":47,"column":57},"end":{"line":47,"column":69}},{"start":{"line":47,"column":73},"end":{"line":47,"column":76}},{"start":{"line":47,"column":80},"end":{"line":47,"column":94}}],"line":47},"4":{"loc":{"start":{"line":47,"column":112},"end":{"line":47,"column":219}},"type":"if","locations":[{"start":{"line":47,"column":112},"end":{"line":47,"column":219}},{"start":{"line":47,"column":112},"end":{"line":47,"column":219}}],"line":47},"5":{"loc":{"start":{"line":47,"column":116},"end":{"line":47,"column":187}},"type":"binary-expr","locations":[{"start":{"line":47,"column":116},"end":{"line":47,"column":128}},{"start":{"line":47,"column":132},"end":{"line":47,"column":158}},{"start":{"line":47,"column":162},"end":{"line":47,"column":187}}],"line":47},"6":{"loc":{"start":{"line":47,"column":271},"end":{"line":47,"column":326}},"type":"if","locations":[{"start":{"line":47,"column":271},"end":{"line":47,"column":326}},{"start":{"line":47,"column":271},"end":{"line":47,"column":326}}],"line":47},"7":{"loc":{"start":{"line":47,"column":275},"end":{"line":47,"column":298}},"type":"binary-expr","locations":[{"start":{"line":47,"column":275},"end":{"line":47,"column":280}},{"start":{"line":47,"column":284},"end":{"line":47,"column":298}}],"line":47},"8":{"loc":{"start":{"line":47,"column":372},"end":{"line":47,"column":428}},"type":"binary-expr","locations":[{"start":{"line":47,"column":372},"end":{"line":47,"column":393}},{"start":{"line":47,"column":397},"end":{"line":47,"column":428}}],"line":47},"9":{"loc":{"start":{"line":47,"column":453},"end":{"line":47,"column":729}},"type":"if","locations":[{"start":{"line":47,"column":453},"end":{"line":47,"column":729}},{"start":{"line":47,"column":453},"end":{"line":47,"column":729}}],"line":47},"10":{"loc":{"start":{"line":47,"column":457},"end":{"line":47,"column":524}},"type":"binary-expr","locations":[{"start":{"line":47,"column":457},"end":{"line":47,"column":474}},{"start":{"line":47,"column":478},"end":{"line":47,"column":524}}],"line":47},"11":{"loc":{"start":{"line":47,"column":539},"end":{"line":47,"column":611}},"type":"cond-expr","locations":[{"start":{"line":47,"column":563},"end":{"line":47,"column":604}},{"start":{"line":47,"column":607},"end":{"line":47,"column":611}}],"line":47},"12":{"loc":{"start":{"line":47,"column":613},"end":{"line":47,"column":727}},"type":"if","locations":[{"start":{"line":47,"column":613},"end":{"line":47,"column":727}},{"start":{"line":47,"column":613},"end":{"line":47,"column":727}}],"line":47},"13":{"loc":{"start":{"line":47,"column":617},"end":{"line":47,"column":647}},"type":"binary-expr","locations":[{"start":{"line":47,"column":617},"end":{"line":47,"column":621}},{"start":{"line":47,"column":626},"end":{"line":47,"column":634}},{"start":{"line":47,"column":638},"end":{"line":47,"column":646}}],"line":47},"14":{"loc":{"start":{"line":47,"column":757},"end":{"line":47,"column":795}},"type":"if","locations":[{"start":{"line":47,"column":757},"end":{"line":47,"column":795}},{"start":{"line":47,"column":757},"end":{"line":47,"column":795}}],"line":47},"15":{"loc":{"start":{"line":49,"column":66},"end":{"line":49,"column":136}},"type":"binary-expr","locations":[{"start":{"line":49,"column":66},"end":{"line":49,"column":95}},{"start":{"line":49,"column":99},"end":{"line":49,"column":117}},{"start":{"line":49,"column":121},"end":{"line":49,"column":136}}],"line":49},"16":{"loc":{"start":{"line":49,"column":138},"end":{"line":49,"column":640}},"type":"if","locations":[{"start":{"line":49,"column":138},"end":{"line":49,"column":640}},{"start":{"line":49,"column":138},"end":{"line":49,"column":640}}],"line":49},"17":{"loc":{"start":{"line":49,"column":149},"end":{"line":49,"column":480}},"type":"if","locations":[{"start":{"line":49,"column":149},"end":{"line":49,"column":480}},{"start":{"line":49,"column":149},"end":{"line":49,"column":480}}],"line":49},"18":{"loc":{"start":{"line":49,"column":153},"end":{"line":49,"column":265}},"type":"binary-expr","locations":[{"start":{"line":49,"column":153},"end":{"line":49,"column":169}},{"start":{"line":49,"column":174},"end":{"line":49,"column":209}},{"start":{"line":49,"column":214},"end":{"line":49,"column":228}},{"start":{"line":49,"column":232},"end":{"line":49,"column":233}},{"start":{"line":49,"column":237},"end":{"line":49,"column":265}}],"line":49},"19":{"loc":{"start":{"line":49,"column":269},"end":{"line":49,"column":284}},"type":"if","locations":[{"start":{"line":49,"column":269},"end":{"line":49,"column":284}},{"start":{"line":49,"column":269},"end":{"line":49,"column":284}}],"line":49},"20":{"loc":{"start":{"line":49,"column":354},"end":{"line":49,"column":395}},"type":"if","locations":[{"start":{"line":49,"column":354},"end":{"line":49,"column":395}},{"start":{"line":49,"column":354},"end":{"line":49,"column":395}}],"line":49},"21":{"loc":{"start":{"line":49,"column":898},"end":{"line":49,"column":960}},"type":"if","locations":[{"start":{"line":49,"column":898},"end":{"line":49,"column":960}},{"start":{"line":49,"column":898},"end":{"line":49,"column":960}}],"line":49},"22":{"loc":{"start":{"line":49,"column":902},"end":{"line":49,"column":943}},"type":"binary-expr","locations":[{"start":{"line":49,"column":902},"end":{"line":49,"column":919}},{"start":{"line":49,"column":923},"end":{"line":49,"column":943}}],"line":49},"23":{"loc":{"start":{"line":49,"column":973},"end":{"line":49,"column":995}},"type":"if","locations":[{"start":{"line":49,"column":973},"end":{"line":49,"column":995}},{"start":{"line":49,"column":973},"end":{"line":49,"column":995}}],"line":49},"24":{"loc":{"start":{"line":51,"column":50},"end":{"line":51,"column":65}},"type":"if","locations":[{"start":{"line":51,"column":50},"end":{"line":51,"column":65}},{"start":{"line":51,"column":50},"end":{"line":51,"column":65}}],"line":51},"25":{"loc":{"start":{"line":51,"column":66},"end":{"line":51,"column":129}},"type":"if","locations":[{"start":{"line":51,"column":66},"end":{"line":51,"column":129}},{"start":{"line":51,"column":66},"end":{"line":51,"column":129}}],"line":51},"26":{"loc":{"start":{"line":51,"column":186},"end":{"line":51,"column":246}},"type":"if","locations":[{"start":{"line":51,"column":186},"end":{"line":51,"column":246}},{"start":{"line":51,"column":186},"end":{"line":51,"column":246}}],"line":51},"27":{"loc":{"start":{"line":51,"column":190},"end":{"line":51,"column":221}},"type":"binary-expr","locations":[{"start":{"line":51,"column":190},"end":{"line":51,"column":204}},{"start":{"line":51,"column":208},"end":{"line":51,"column":221}}],"line":51},"28":{"loc":{"start":{"line":51,"column":247},"end":{"line":51,"column":300}},"type":"if","locations":[{"start":{"line":51,"column":247},"end":{"line":51,"column":300}},{"start":{"line":51,"column":247},"end":{"line":51,"column":300}}],"line":51},"29":{"loc":{"start":{"line":51,"column":251},"end":{"line":51,"column":277}},"type":"binary-expr","locations":[{"start":{"line":51,"column":251},"end":{"line":51,"column":262}},{"start":{"line":51,"column":266},"end":{"line":51,"column":277}}],"line":51},"30":{"loc":{"start":{"line":51,"column":301},"end":{"line":51,"column":414}},"type":"if","locations":[{"start":{"line":51,"column":301},"end":{"line":51,"column":414}},{"start":{"line":51,"column":301},"end":{"line":51,"column":414}}],"line":51},"31":{"loc":{"start":{"line":51,"column":305},"end":{"line":51,"column":376}},"type":"binary-expr","locations":[{"start":{"line":51,"column":305},"end":{"line":51,"column":322}},{"start":{"line":51,"column":326},"end":{"line":51,"column":376}}],"line":51},"32":{"loc":{"start":{"line":53,"column":39},"end":{"line":53,"column":93}},"type":"if","locations":[{"start":{"line":53,"column":39},"end":{"line":53,"column":93}},{"start":{"line":53,"column":39},"end":{"line":53,"column":93}}],"line":53},"33":{"loc":{"start":{"line":53,"column":43},"end":{"line":53,"column":74}},"type":"binary-expr","locations":[{"start":{"line":53,"column":43},"end":{"line":53,"column":54}},{"start":{"line":53,"column":58},"end":{"line":53,"column":74}}],"line":53},"34":{"loc":{"start":{"line":65,"column":2},"end":{"line":65,"column":132}},"type":"if","locations":[{"start":{"line":65,"column":2},"end":{"line":65,"column":132}},{"start":{"line":65,"column":2},"end":{"line":65,"column":132}}],"line":65},"35":{"loc":{"start":{"line":68,"column":0},"end":{"line":84,"column":3}},"type":"if","locations":[{"start":{"line":68,"column":0},"end":{"line":84,"column":3}},{"start":{"line":68,"column":0},"end":{"line":84,"column":3}}],"line":68},"36":{"loc":{"start":{"line":68,"column":4},"end":{"line":68,"column":289}},"type":"binary-expr","locations":[{"start":{"line":68,"column":4},"end":{"line":68,"column":89}},{"start":{"line":68,"column":93},"end":{"line":68,"column":174}},{"start":{"line":68,"column":178},"end":{"line":68,"column":289}}],"line":68},"37":{"loc":{"start":{"line":82,"column":4},"end":{"line":82,"column":168}},"type":"if","locations":[{"start":{"line":82,"column":4},"end":{"line":82,"column":168}},{"start":{"line":82,"column":4},"end":{"line":82,"column":168}}],"line":82},"38":{"loc":{"start":{"line":96,"column":11},"end":{"line":96,"column":97}},"type":"cond-expr","locations":[{"start":{"line":96,"column":60},"end":{"line":96,"column":86}},{"start":{"line":96,"column":89},"end":{"line":96,"column":97}}],"line":96},"39":{"loc":{"start":{"line":97,"column":24},"end":{"line":97,"column":64}},"type":"binary-expr","locations":[{"start":{"line":97,"column":24},"end":{"line":97,"column":58}},{"start":{"line":97,"column":62},"end":{"line":97,"column":64}}],"line":97},"40":{"loc":{"start":{"line":104,"column":0},"end":{"line":104,"column":261}},"type":"if","locations":[{"start":{"line":104,"column":0},"end":{"line":104,"column":261}},{"start":{"line":104,"column":0},"end":{"line":104,"column":261}}],"line":104},"41":{"loc":{"start":{"line":104,"column":95},"end":{"line":104,"column":261}},"type":"if","locations":[{"start":{"line":104,"column":95},"end":{"line":104,"column":261}},{"start":{"line":104,"column":95},"end":{"line":104,"column":261}}],"line":104},"42":{"loc":{"start":{"line":104,"column":99},"end":{"line":104,"column":246}},"type":"binary-expr","locations":[{"start":{"line":104,"column":99},"end":{"line":104,"column":136}},{"start":{"line":104,"column":140},"end":{"line":104,"column":180}},{"start":{"line":104,"column":184},"end":{"line":104,"column":246}}],"line":104},"43":{"loc":{"start":{"line":105,"column":0},"end":{"line":106,"column":47}},"type":"if","locations":[{"start":{"line":105,"column":0},"end":{"line":106,"column":47}},{"start":{"line":105,"column":0},"end":{"line":106,"column":47}}],"line":105},"44":{"loc":{"start":{"line":114,"column":0},"end":{"line":114,"column":250}},"type":"if","locations":[{"start":{"line":114,"column":0},"end":{"line":114,"column":250}},{"start":{"line":114,"column":0},"end":{"line":114,"column":250}}],"line":114},"45":{"loc":{"start":{"line":116,"column":0},"end":{"line":116,"column":207}},"type":"if","locations":[{"start":{"line":116,"column":0},"end":{"line":116,"column":207}},{"start":{"line":116,"column":0},"end":{"line":116,"column":207}}],"line":116},"46":{"loc":{"start":{"line":117,"column":0},"end":{"line":117,"column":324}},"type":"if","locations":[{"start":{"line":117,"column":0},"end":{"line":117,"column":324}},{"start":{"line":117,"column":0},"end":{"line":117,"column":324}}],"line":117},"47":{"loc":{"start":{"line":117,"column":4},"end":{"line":117,"column":174}},"type":"binary-expr","locations":[{"start":{"line":117,"column":4},"end":{"line":117,"column":25}},{"start":{"line":117,"column":29},"end":{"line":117,"column":174}}],"line":117},"48":{"loc":{"start":{"line":117,"column":30},"end":{"line":117,"column":163}},"type":"cond-expr","locations":[{"start":{"line":117,"column":125},"end":{"line":117,"column":131}},{"start":{"line":117,"column":134},"end":{"line":117,"column":163}}],"line":117},"49":{"loc":{"start":{"line":117,"column":30},"end":{"line":117,"column":122}},"type":"binary-expr","locations":[{"start":{"line":117,"column":30},"end":{"line":117,"column":86}},{"start":{"line":117,"column":90},"end":{"line":117,"column":122}}],"line":117},"50":{"loc":{"start":{"line":126,"column":2},"end":{"line":126,"column":61}},"type":"if","locations":[{"start":{"line":126,"column":2},"end":{"line":126,"column":61}},{"start":{"line":126,"column":2},"end":{"line":126,"column":61}}],"line":126},"51":{"loc":{"start":{"line":135,"column":0},"end":{"line":143,"column":1}},"type":"if","locations":[{"start":{"line":135,"column":0},"end":{"line":143,"column":1}},{"start":{"line":135,"column":0},"end":{"line":143,"column":1}}],"line":135},"52":{"loc":{"start":{"line":141,"column":4},"end":{"line":141,"column":27}},"type":"if","locations":[{"start":{"line":141,"column":4},"end":{"line":141,"column":27}},{"start":{"line":141,"column":4},"end":{"line":141,"column":27}}],"line":141},"53":{"loc":{"start":{"line":147,"column":0},"end":{"line":164,"column":1}},"type":"if","locations":[{"start":{"line":147,"column":0},"end":{"line":164,"column":1}},{"start":{"line":147,"column":0},"end":{"line":164,"column":1}}],"line":147},"54":{"loc":{"start":{"line":154,"column":6},"end":{"line":157,"column":7}},"type":"if","locations":[{"start":{"line":154,"column":6},"end":{"line":157,"column":7}},{"start":{"line":154,"column":6},"end":{"line":157,"column":7}}],"line":154},"55":{"loc":{"start":{"line":154,"column":10},"end":{"line":154,"column":95}},"type":"binary-expr","locations":[{"start":{"line":154,"column":10},"end":{"line":154,"column":66}},{"start":{"line":154,"column":70},"end":{"line":154,"column":75}},{"start":{"line":154,"column":79},"end":{"line":154,"column":95}}],"line":154},"56":{"loc":{"start":{"line":156,"column":8},"end":{"line":156,"column":225}},"type":"if","locations":[{"start":{"line":156,"column":8},"end":{"line":156,"column":225}},{"start":{"line":156,"column":8},"end":{"line":156,"column":225}}],"line":156},"57":{"loc":{"start":{"line":177,"column":6},"end":{"line":177,"column":185}},"type":"if","locations":[{"start":{"line":177,"column":6},"end":{"line":177,"column":185}},{"start":{"line":177,"column":6},"end":{"line":177,"column":185}}],"line":177},"58":{"loc":{"start":{"line":177,"column":10},"end":{"line":177,"column":147}},"type":"binary-expr","locations":[{"start":{"line":177,"column":10},"end":{"line":177,"column":76}},{"start":{"line":177,"column":80},"end":{"line":177,"column":147}}],"line":177},"59":{"loc":{"start":{"line":192,"column":0},"end":{"line":192,"column":253}},"type":"if","locations":[{"start":{"line":192,"column":0},"end":{"line":192,"column":253}},{"start":{"line":192,"column":0},"end":{"line":192,"column":253}}],"line":192},"60":{"loc":{"start":{"line":194,"column":0},"end":{"line":216,"column":1}},"type":"if","locations":[{"start":{"line":194,"column":0},"end":{"line":216,"column":1}},{"start":{"line":194,"column":0},"end":{"line":216,"column":1}}],"line":194},"61":{"loc":{"start":{"line":194,"column":4},"end":{"line":194,"column":68}},"type":"binary-expr","locations":[{"start":{"line":194,"column":4},"end":{"line":194,"column":19}},{"start":{"line":194,"column":23},"end":{"line":194,"column":68}}],"line":194},"62":{"loc":{"start":{"line":195,"column":2},"end":{"line":213,"column":3}},"type":"if","locations":[{"start":{"line":195,"column":2},"end":{"line":213,"column":3}},{"start":{"line":195,"column":2},"end":{"line":213,"column":3}}],"line":195},"63":{"loc":{"start":{"line":225,"column":2},"end":{"line":237,"column":3}},"type":"if","locations":[{"start":{"line":225,"column":2},"end":{"line":237,"column":3}},{"start":{"line":225,"column":2},"end":{"line":237,"column":3}}],"line":225},"64":{"loc":{"start":{"line":225,"column":6},"end":{"line":225,"column":132}},"type":"binary-expr","locations":[{"start":{"line":225,"column":6},"end":{"line":225,"column":67}},{"start":{"line":225,"column":71},"end":{"line":225,"column":85}},{"start":{"line":225,"column":89},"end":{"line":225,"column":132}}],"line":225},"65":{"loc":{"start":{"line":225,"column":246},"end":{"line":237,"column":3}},"type":"if","locations":[{"start":{"line":225,"column":246},"end":{"line":237,"column":3}},{"start":{"line":225,"column":246},"end":{"line":237,"column":3}}],"line":225},"66":{"loc":{"start":{"line":225,"column":250},"end":{"line":225,"column":338}},"type":"binary-expr","locations":[{"start":{"line":225,"column":250},"end":{"line":225,"column":273}},{"start":{"line":225,"column":277},"end":{"line":225,"column":338}}],"line":225},"67":{"loc":{"start":{"line":226,"column":4},"end":{"line":226,"column":149}},"type":"if","locations":[{"start":{"line":226,"column":4},"end":{"line":226,"column":149}},{"start":{"line":226,"column":4},"end":{"line":226,"column":149}}],"line":226},"68":{"loc":{"start":{"line":229,"column":6},"end":{"line":235,"column":7}},"type":"if","locations":[{"start":{"line":229,"column":6},"end":{"line":235,"column":7}},{"start":{"line":229,"column":6},"end":{"line":235,"column":7}}],"line":229},"69":{"loc":{"start":{"line":229,"column":10},"end":{"line":229,"column":174}},"type":"binary-expr","locations":[{"start":{"line":229,"column":10},"end":{"line":229,"column":79}},{"start":{"line":229,"column":83},"end":{"line":229,"column":119}},{"start":{"line":229,"column":123},"end":{"line":229,"column":174}}],"line":229},"70":{"loc":{"start":{"line":229,"column":309},"end":{"line":235,"column":7}},"type":"if","locations":[{"start":{"line":229,"column":309},"end":{"line":235,"column":7}},{"start":{"line":229,"column":309},"end":{"line":235,"column":7}}],"line":229},"71":{"loc":{"start":{"line":229,"column":313},"end":{"line":229,"column":406}},"type":"binary-expr","locations":[{"start":{"line":229,"column":313},"end":{"line":229,"column":333}},{"start":{"line":229,"column":337},"end":{"line":229,"column":406}}],"line":229},"72":{"loc":{"start":{"line":233,"column":10},"end":{"line":233,"column":344}},"type":"if","locations":[{"start":{"line":233,"column":10},"end":{"line":233,"column":344}},{"start":{"line":233,"column":10},"end":{"line":233,"column":344}}],"line":233},"73":{"loc":{"start":{"line":233,"column":14},"end":{"line":233,"column":184}},"type":"binary-expr","locations":[{"start":{"line":233,"column":14},"end":{"line":233,"column":94}},{"start":{"line":233,"column":98},"end":{"line":233,"column":118}},{"start":{"line":233,"column":122},"end":{"line":233,"column":184}}],"line":233},"74":{"loc":{"start":{"line":268,"column":2},"end":{"line":272,"column":6}},"type":"if","locations":[{"start":{"line":268,"column":2},"end":{"line":272,"column":6}},{"start":{"line":268,"column":2},"end":{"line":272,"column":6}}],"line":268},"75":{"loc":{"start":{"line":295,"column":14},"end":{"line":295,"column":123}},"type":"binary-expr","locations":[{"start":{"line":295,"column":14},"end":{"line":295,"column":33}},{"start":{"line":295,"column":37},"end":{"line":295,"column":123}}],"line":295},"76":{"loc":{"start":{"line":299,"column":2},"end":{"line":326,"column":3}},"type":"if","locations":[{"start":{"line":299,"column":2},"end":{"line":326,"column":3}},{"start":{"line":299,"column":2},"end":{"line":326,"column":3}}],"line":299},"77":{"loc":{"start":{"line":318,"column":8},"end":{"line":318,"column":237}},"type":"if","locations":[{"start":{"line":318,"column":8},"end":{"line":318,"column":237}},{"start":{"line":318,"column":8},"end":{"line":318,"column":237}}],"line":318},"78":{"loc":{"start":{"line":319,"column":8},"end":{"line":319,"column":64}},"type":"if","locations":[{"start":{"line":319,"column":8},"end":{"line":319,"column":64}},{"start":{"line":319,"column":8},"end":{"line":319,"column":64}}],"line":319},"79":{"loc":{"start":{"line":335,"column":44},"end":{"line":335,"column":223}},"type":"cond-expr","locations":[{"start":{"line":335,"column":114},"end":{"line":335,"column":166}},{"start":{"line":335,"column":169},"end":{"line":335,"column":223}}],"line":335},"80":{"loc":{"start":{"line":341,"column":4},"end":{"line":341,"column":166}},"type":"if","locations":[{"start":{"line":341,"column":4},"end":{"line":341,"column":166}},{"start":{"line":341,"column":4},"end":{"line":341,"column":166}}],"line":341},"81":{"loc":{"start":{"line":343,"column":4},"end":{"line":343,"column":175}},"type":"if","locations":[{"start":{"line":343,"column":4},"end":{"line":343,"column":175}},{"start":{"line":343,"column":4},"end":{"line":343,"column":175}}],"line":343},"82":{"loc":{"start":{"line":370,"column":4},"end":{"line":390,"column":5}},"type":"if","locations":[{"start":{"line":370,"column":4},"end":{"line":390,"column":5}},{"start":{"line":370,"column":4},"end":{"line":390,"column":5}}],"line":370},"83":{"loc":{"start":{"line":370,"column":8},"end":{"line":370,"column":143}},"type":"binary-expr","locations":[{"start":{"line":370,"column":8},"end":{"line":370,"column":105}},{"start":{"line":370,"column":109},"end":{"line":370,"column":143}}],"line":370}},"s":{"0":6,"1":6,"2":6,"3":6,"4":6,"5":6,"6":6,"7":6,"8":6,"9":6,"10":6,"11":0,"12":0,"13":0,"14":0,"15":0,"16":0,"17":6,"18":6,"19":0,"20":0,"21":0,"22":0,"23":0,"24":0,"25":0,"26":0,"27":0,"28":0,"29":0,"30":0,"31":0,"32":0,"33":0,"34":0,"35":0,"36":24,"37":24,"38":0,"39":0,"40":0,"41":0,"42":0,"43":0,"44":0,"45":0,"46":0,"47":0,"48":0,"49":24,"50":24,"51":24,"52":24,"53":114,"54":114,"55":114,"56":0,"57":0,"58":24,"59":24,"60":0,"61":24,"62":0,"63":0,"64":0,"65":0,"66":0,"67":0,"68":0,"69":0,"70":0,"71":0,"72":0,"73":0,"74":0,"75":0,"76":0,"77":0,"78":0,"79":0,"80":0,"81":6,"82":6,"83":6,"84":6,"85":6,"86":6,"87":0,"88":0,"89":6,"90":6,"91":0,"92":6,"93":6,"94":6,"95":6,"96":6,"97":6,"98":6,"99":6,"100":6,"101":0,"102":6,"103":0,"104":6,"105":0,"106":6,"107":6,"108":6,"109":0,"110":6,"111":6,"112":6,"113":0,"114":6,"115":6,"116":6,"117":6,"118":6,"119":6,"120":6,"121":6,"122":0,"123":0,"124":6,"125":6,"126":0,"127":0,"128":0,"129":0,"130":6,"131":0,"132":0,"133":0,"134":0,"135":0,"136":0,"137":0,"138":0,"139":0,"140":0,"141":0,"142":0,"143":0,"144":6,"145":6,"146":6,"147":24,"148":24,"149":24,"150":24,"151":48,"152":48,"153":18,"154":0,"155":6,"156":6,"157":6,"158":6,"159":0,"160":6,"161":0,"162":0,"163":0,"164":0,"165":0,"166":0,"167":0,"168":0,"169":0,"170":0,"171":0,"172":6,"173":6,"174":6,"175":60,"176":12,"177":48,"178":18,"179":12,"180":18,"181":48,"182":6,"183":42,"184":12,"185":12,"186":96,"187":72,"188":6,"189":6,"190":6,"191":6,"192":6,"193":6,"194":36,"195":36,"196":6,"197":6,"198":30,"199":30,"200":6,"201":6,"202":30,"203":30,"204":6,"205":6,"206":6,"207":6,"208":6,"209":6,"210":54,"211":54,"212":54,"213":54,"214":54,"215":0,"216":54,"217":54,"218":0,"219":6,"220":6,"221":6,"222":6,"223":6,"224":12,"225":12,"226":6,"227":12,"228":12,"229":12,"230":0,"231":6,"232":6,"233":6,"234":6,"235":6,"236":0,"237":0,"238":0,"239":0,"240":0,"241":0,"242":0,"243":0,"244":0,"245":0,"246":6,"247":6,"248":6},"f":{"0":0,"1":0,"2":6,"3":24,"4":0,"5":0,"6":0,"7":24,"8":114,"9":0,"10":24,"11":0,"12":
[...]
d-expr","locations":[{"start":{"line":1022,"column":45},"end":{"line":1025,"column":12}},{"start":{"line":1025,"column":15},"end":{"line":1025,"column":17}}],"line":1022},"170":{"loc":{"start":{"line":1033,"column":10},"end":{"line":1042,"column":17}},"type":"cond-expr","locations":[{"start":{"line":1033,"column":28},"end":{"line":1042,"column":12}},{"start":{"line":1042,"column":15},"end":{"line":1042,"column":17}}],"line":1033},"171":{"loc":{"start":{"line":1042,"column":19},"end":{"line":1044,"column":17}},"type":"cond-expr","locations":[{"start":{"line":1042,"column":32},"end":{"line":1044,"column":12}},{"start":{"line":1044,"column":15},"end":{"line":1044,"column":17}}],"line":1042},"172":{"loc":{"start":{"line":1044,"column":19},"end":{"line":1057,"column":17}},"type":"cond-expr","locations":[{"start":{"line":1044,"column":36},"end":{"line":1057,"column":12}},{"start":{"line":1057,"column":15},"end":{"line":1057,"column":17}}],"line":1044},"173":{"loc":{"start":{"line":1047,"column":24},"end":{"line":1047,"column":87}},"type":"cond-expr","locations":[{"start":{"line":1047,"column":71},"end":{"line":1047,"column":78}},{"start":{"line":1047,"column":81},"end":{"line":1047,"column":87}}],"line":1047},"174":{"loc":{"start":{"line":1057,"column":129},"end":{"line":1057,"column":269}},"type":"cond-expr","locations":[{"start":{"line":1057,"column":199},"end":{"line":1057,"column":264}},{"start":{"line":1057,"column":267},"end":{"line":1057,"column":269}}],"line":1057},"175":{"loc":{"start":{"line":1057,"column":129},"end":{"line":1057,"column":196}},"type":"binary-expr","locations":[{"start":{"line":1057,"column":129},"end":{"line":1057,"column":178}},{"start":{"line":1057,"column":182},"end":{"line":1057,"column":196}}],"line":1057},"176":{"loc":{"start":{"line":1059,"column":14},"end":{"line":1059,"column":92}},"type":"binary-expr","locations":[{"start":{"line":1059,"column":14},"end":{"line":1059,"column":86}},{"start":{"line":1059,"column":90},"end":{"line":1059,"column":92}}],"line":1059},"177":{"loc":{"start":{"line":1068,"column":15},"end":{"line":1068,"column":171}},"type":"cond-expr","locations":[{"start":{"line":1068,"column":85},"end":{"line":1068,"column":90}},{"start":{"line":1068,"column":93},"end":{"line":1068,"column":171}}],"line":1068},"178":{"loc":{"start":{"line":1084,"column":15},"end":{"line":1084,"column":171}},"type":"cond-expr","locations":[{"start":{"line":1084,"column":85},"end":{"line":1084,"column":90}},{"start":{"line":1084,"column":93},"end":{"line":1084,"column":171}}],"line":1084},"179":{"loc":{"start":{"line":1102,"column":15},"end":{"line":1102,"column":171}},"type":"cond-expr","locations":[{"start":{"line":1102,"column":85},"end":{"line":1102,"column":90}},{"start":{"line":1102,"column":93},"end":{"line":1102,"column":171}}],"line":1102},"180":{"loc":{"start":{"line":1119,"column":15},"end":{"line":1119,"column":173}},"type":"cond-expr","locations":[{"start":{"line":1119,"column":86},"end":{"line":1119,"column":91}},{"start":{"line":1119,"column":94},"end":{"line":1119,"column":173}}],"line":1119},"181":{"loc":{"start":{"line":1138,"column":13},"end":{"line":1138,"column":192}},"type":"cond-expr","locations":[{"start":{"line":1138,"column":80},"end":{"line":1138,"column":114}},{"start":{"line":1138,"column":117},"end":{"line":1138,"column":192}}],"line":1138},"182":{"loc":{"start":{"line":1157,"column":6},"end":{"line":1157,"column":53}},"type":"if","locations":[{"start":{"line":1157,"column":6},"end":{"line":1157,"column":53}},{"start":{"line":1157,"column":6},"end":{"line":1157,"column":53}}],"line":1157},"183":{"loc":{"start":{"line":1158,"column":13},"end":{"line":1158,"column":322}},"type":"binary-expr","locations":[{"start":{"line":1158,"column":13},"end":{"line":1158,"column":139}},{"start":{"line":1158,"column":144},"end":{"line":1158,"column":321}}],"line":1158},"184":{"loc":{"start":{"line":1158,"column":144},"end":{"line":1158,"column":321}},"type":"cond-expr","locations":[{"start":{"line":1158,"column":210},"end":{"line":1158,"column":244}},{"start":{"line":1158,"column":247},"end":{"line":1158,"column":321}}],"line":1158},"185":{"loc":{"start":{"line":1175,"column":0},"end":{"line":1187,"column":1}},"type":"if","locations":[{"start":{"line":1175,"column":0},"end":{"line":1187,"column":1}},{"start":{"line":1175,"column":0},"end":{"line":1187,"column":1}}],"line":1175},"186":{"loc":{"start":{"line":1175,"column":4},"end":{"line":1175,"column":88}},"type":"binary-expr","locations":[{"start":{"line":1175,"column":4},"end":{"line":1175,"column":62}},{"start":{"line":1175,"column":66},"end":{"line":1175,"column":88}}],"line":1175},"187":{"loc":{"start":{"line":1191,"column":0},"end":{"line":1194,"column":1}},"type":"if","locations":[{"start":{"line":1191,"column":0},"end":{"line":1194,"column":1}},{"start":{"line":1191,"column":0},"end":{"line":1194,"column":1}}],"line":1191},"188":{"loc":{"start":{"line":1191,"column":4},"end":{"line":1191,"column":277}},"type":"binary-expr","locations":[{"start":{"line":1191,"column":4},"end":{"line":1191,"column":17}},{"start":{"line":1191,"column":21},"end":{"line":1191,"column":51}},{"start":{"line":1191,"column":55},"end":{"line":1191,"column":109}},{"start":{"line":1191,"column":113},"end":{"line":1191,"column":184}},{"start":{"line":1191,"column":188},"end":{"line":1191,"column":277}}],"line":1191},"189":{"loc":{"start":{"line":1192,"column":121},"end":{"line":1192,"column":181}},"type":"cond-expr","locations":[{"start":{"line":1192,"column":173},"end":{"line":1192,"column":176}},{"start":{"line":1192,"column":179},"end":{"line":1192,"column":181}}],"line":1192},"190":{"loc":{"start":{"line":1193,"column":2},"end":{"line":1193,"column":160}},"type":"if","locations":[{"start":{"line":1193,"column":2},"end":{"line":1193,"column":160}},{"start":{"line":1193,"column":2},"end":{"line":1193,"column":160}}],"line":1193},"191":{"loc":{"start":{"line":1214,"column":0},"end":{"line":1224,"column":1}},"type":"if","locations":[{"start":{"line":1214,"column":0},"end":{"line":1224,"column":1}},{"start":{"line":1214,"column":0},"end":{"line":1224,"column":1}}],"line":1214},"192":{"loc":{"start":{"line":1214,"column":4},"end":{"line":1214,"column":148}},"type":"binary-expr","locations":[{"start":{"line":1214,"column":4},"end":{"line":1214,"column":82}},{"start":{"line":1214,"column":86},"end":{"line":1214,"column":118}},{"start":{"line":1214,"column":122},"end":{"line":1214,"column":148}}],"line":1214},"193":{"loc":{"start":{"line":1245,"column":25},"end":{"line":1245,"column":163}},"type":"cond-expr","locations":[{"start":{"line":1245,"column":127},"end":{"line":1245,"column":133}},{"start":{"line":1245,"column":136},"end":{"line":1245,"column":163}}],"line":1245},"194":{"loc":{"start":{"line":1245,"column":25},"end":{"line":1245,"column":124}},"type":"binary-expr","locations":[{"start":{"line":1245,"column":25},"end":{"line":1245,"column":89}},{"start":{"line":1245,"column":93},"end":{"line":1245,"column":124}}],"line":1245},"195":{"loc":{"start":{"line":1263,"column":13},"end":{"line":1263,"column":58}},"type":"cond-expr","locations":[{"start":{"line":1263,"column":35},"end":{"line":1263,"column":44}},{"start":{"line":1263,"column":47},"end":{"line":1263,"column":58}}],"line":1263},"196":{"loc":{"start":{"line":1278,"column":8},"end":{"line":1278,"column":69}},"type":"cond-expr","locations":[{"start":{"line":1278,"column":41},"end":{"line":1278,"column":54}},{"start":{"line":1278,"column":57},"end":{"line":1278,"column":69}}],"line":1278},"197":{"loc":{"start":{"line":1284,"column":14},"end":{"line":1284,"column":69}},"type":"cond-expr","locations":[{"start":{"line":1284,"column":47},"end":{"line":1284,"column":54}},{"start":{"line":1284,"column":57},"end":{"line":1284,"column":69}}],"line":1284},"198":{"loc":{"start":{"line":1287,"column":15},"end":{"line":1287,"column":64}},"type":"cond-expr","locations":[{"start":{"line":1287,"column":48},"end":{"line":1287,"column":55}},{"start":{"line":1287,"column":58},"end":{"line":1287,"column":64}}],"line":1287},"199":{"loc":{"start":{"line":1289,"column":17},"end":{"line":1310,"column":49}},"type":"cond-expr","locations":[{"start":{"line":1289,"column":194},"end":{"line":1294,"column":5}},{"start":{"line":1294,"column":8},"end":{"line":1310,"column":49}}],"line":1289},"200":{"loc":{"start":{"line":1289,"column":17},"end":{"line":1289,"column":191}},"type":"binary-expr","locations":[{"start":{"line":1289,"column":17},"end":{"line":1289,"column":59}},{"start":{"line":1289,"column":63},"end":{"line":1289,"column":123}},{"start":{"line":1289,"column":127},"end":{"line":1289,"column":191}}],"line":1289},"201":{"loc":{"start":{"line":1299,"column":12},"end":{"line":1302,"column":13}},"type":"if","locations":[{"start":{"line":1299,"column":12},"end":{"line":1302,"column":13}},{"start":{"line":1299,"column":12},"end":{"line":1302,"column":13}}],"line":1299},"202":{"loc":{"start":{"line":1299,"column":16},"end":{"line":1299,"column":154}},"type":"binary-expr","locations":[{"start":{"line":1299,"column":16},"end":{"line":1299,"column":98}},{"start":{"line":1299,"column":102},"end":{"line":1299,"column":154}}],"line":1299},"203":{"loc":{"start":{"line":1301,"column":14},"end":{"line":1301,"column":73}},"type":"if","locations":[{"start":{"line":1301,"column":14},"end":{"line":1301,"column":73}},{"start":{"line":1301,"column":14},"end":{"line":1301,"column":73}}],"line":1301},"204":{"loc":{"start":{"line":1301,"column":18},"end":{"line":1301,"column":58}},"type":"binary-expr","locations":[{"start":{"line":1301,"column":18},"end":{"line":1301,"column":32}},{"start":{"line":1301,"column":36},"end":{"line":1301,"column":58}}],"line":1301},"205":{"loc":{"start":{"line":1314,"column":3},"end":{"line":1316,"column":6}},"type":"cond-expr","locations":[{"start":{"line":1314,"column":137},"end":{"line":1316,"column":1}},{"start":{"line":1316,"column":4},"end":{"line":1316,"column":6}}],"line":1314},"206":{"loc":{"start":{"line":1314,"column":3},"end":{"line":1314,"column":134}},"type":"binary-expr","locations":[{"start":{"line":1314,"column":3},"end":{"line":1314,"column":68}},{"start":{"line":1314,"column":72},"end":{"line":1314,"column":104}},{"start":{"line":1314,"column":108},"end":{"line":1314,"column":134}}],"line":1314},"207":{"loc":{"start":{"line":1319,"column":0},"end":{"line":1319,"column":124}},"type":"if","locations":[{"start":{"line":1319,"column":0},"end":{"line":1319,"column":124}},{"start":{"line":1319,"column":0},"end":{"line":1319,"column":124}}],"line":1319},"208":{"loc":{"start":{"line":1320,"column":0},"end":{"line":1320,"column":249}},"type":"if","locations":[{"start":{"line":1320,"column":0},"end":{"line":1320,"column":249}},{"start":{"line":1320,"column":0},"end":{"line":1320,"column":249}}],"line":1320},"209":{"loc":{"start":{"line":1320,"column":4},"end":{"line":1320,"column":149}},"type":"binary-expr","locations":[{"start":{"line":1320,"column":4},"end":{"line":1320,"column":79}},{"start":{"line":1320,"column":83},"end":{"line":1320,"column":149}}],"line":1320},"210":{"loc":{"start":{"line":1321,"column":0},"end":{"line":1335,"column":1}},"type":"if","locations":[{"start":{"line":1321,"column":0},"end":{"line":1335,"column":1}},{"start":{"line":1321,"column":0},"end":{"line":1335,"column":1}}],"line":1321},"211":{"loc":{"start":{"line":1321,"column":4},"end":{"line":1321,"column":157}},"type":"binary-expr","locations":[{"start":{"line":1321,"column":4},"end":{"line":1321,"column":83}},{"start":{"line":1321,"column":87},"end":{"line":1321,"column":120}},{"start":{"line":1321,"column":124},"end":{"line":1321,"column":157}}],"line":1321},"212":{"loc":{"start":{"line":1332,"column":2},"end":{"line":1332,"column":277}},"type":"if","locations":[{"start":{"line":1332,"column":2},"end":{"line":1332,"column":277}},{"start":{"line":1332,"column":2},"end":{"line":1332,"column":277}}],"line":1332},"213":{"loc":{"start":{"line":1332,"column":52},"end":{"line":1332,"column":277}},"type":"if","locations":[{"start":{"line":1332,"column":52},"end":{"line":1332,"column":277}},{"start":{"line":1332,"column":52},"end":{"line":1332,"column":277}}],"line":1332},"214":{"loc":{"start":{"line":1337,"column":0},"end":{"line":1345,"column":1}},"type":"if","locations":[{"start":{"line":1337,"column":0},"end":{"line":1345,"column":1}},{"start":{"line":1337,"column":0},"end":{"line":1345,"column":1}}],"line":1337}},"s":{"0":1,"1":1,"2":1,"3":1,"4":1,"5":1,"6":1,"7":1,"8":1,"9":1,"10":1,"11":1,"12":1,"13":1,"14":1,"15":1,"16":1,"17":1,"18":1,"19":1,"20":1,"21":1,"22":0,"23":1,"24":1,"25":1,"26":1,"27":2,"28":1,"29":1,"30":0,"31":1,"32":1,"33":0,"34":1,"35":1,"36":1,"37":84,"38":84,"39":84,"40":65,"41":19,"42":1,"43":1,"44":1,"45":1,"46":0,"47":0,"48":0,"49":0,"50":0,"51":0,"52":0,"53":0,"54":0,"55":0,"56":0,"57":0,"58":0,"59":0,"60":0,"61":0,"62":0,"63":0,"64":0,"65":4,"66":4,"67":0,"68":0,"69":0,"70":0,"71":0,"72":0,"73":0,"74":0,"75":0,"76":0,"77":0,"78":4,"79":4,"80":4,"81":4,"82":4,"83":4,"84":4,"85":0,"86":0,"87":4,"88":4,"89":0,"90":4,"91":0,"92":0,"93":0,"94":0,"95":0,"96":0,"97":0,"98":0,"99":0,"100":0,"101":0,"102":0,"103":0,"104":0,"105":0,"106":0,"107":0,"108":0,"109":0,"110":1,"111":1,"112":1,"113":1,"114":1,"115":1,"116":1,"117":1,"118":5,"119":5,"120":5,"121":4,"122":4,"123":1,"124":0,"125":0,"126":1,"127":0,"128":1,"129":1,"130":0,"131":0,"132":0,"133":0,"134":0,"135":0,"136":0,"137":1,"138":1,"139":1,"140":0,"141":0,"142":0,"143":0,"144":0,"145":0,"146":0,"147":0,"148":1,"149":1,"150":0,"151":0,"152":0,"153":0,"154":0,"155":1,"156":1,"157":1,"158":1,"159":0,"160":0,"161":0,"162":0,"163":0,"164":0,"165":0,"166":1,"167":1,"168":0,"169":0,"170":0,"171":0,"172":1,"173":0,"174":1,"175":1,"176":1,"177":1,"178":0,"179":0,"180":0,"181":0,"182":0,"183":1,"184":1,"185":0,"186":1,"187":0,"188":0,"189":0,"190":0,"191":0,"192":0,"193":0,"194":0,"195":0,"196":0,"197":0,"198":0,"199":0,"200":0,"201":0,"202":0,"203":0,"204":0,"205":0,"206":0,"207":0,"208":1,"209":1,"210":1,"211":0,"212":1,"213":1,"214":0,"215":0,"216":0,"217":0,"218":0,"219":0,"220":0,"221":0,"222":1,"223":1,"224":1,"225":1,"226":0,"227":1,"228":0,"229":0,"230":0,"231":0,"232":0,"233":0,"234":0,"235":0,"236":0,"237":0,"238":0,"239":0,"240":0,"241":0,"242":0,"243":0,"244":0,"245":0,"246":0,"247":0,"248":0,"249":0,"250":0,"251":0,"252":0,"253":0,"254":0,"255":0,"256":0,"257":0,"258":0,"259":0,"260":0,"261":0,"262":1,"263":0,"264":1,"265":0,"266":1,"267":1,"268":0,"269":0,"270":0,"271":0,"272":0,"273":0,"274":0,"275":0,"276":0,"277":0,"278":0,"279":0,"280":0,"281":0,"282":0,"283":0,"284":0,"285":0,"286":0,"287":0,"288":0,"289":0,"290":0,"291":0,"292":0,"293":0,"294":0,"295":0,"296":0,"297":0,"298":0,"299":0,"300":0,"301":0,"302":0,"303":0,"304":0,"305":0,"306":0,"307":0,"308":0,"309":0,"310":0,"311":0,"312":0,"313":0,"314":0,"315":0,"316":0,"317":0,"318":0,"319":0,"320":0,"321":0,"322":0,"323":0,"324":0,"325":0,"326":0,"327":0,"328":0,"329":0,"330":0,"331":0,"332":0,"333":0,"334":0,"335":0,"336":0,"337":0,"338":0,"339":0,"340":0,"341":0,"342":0,"343":0,"344":0,"345":0,"346":1,"347":0,"348":0,"349":0,"350":0,"351":0,"352":0,"353":0,"354":0,"355":0,"356":0,"357":0,"358":0,"359":0,"360":0,"361":0,"362":0,"363":0,"364":0,"365":0,"366":0,"367":0,"368":0,"369":0,"370":0,"371":0,"372":0,"373":0,"374":0,"375":0,"376":0,"377":0,"378":0,"379":0,"380":0,"381":0,"382":0,"383":0,"384":1,"385":0,"386":1,"387":1,"388":1,"389":0,"390":0,"391":0,"392":0,"393":0,"394":0,"395":0,"396":1,"397":1,"398":0,"399":0,"400":0,"401":0,"402":0,"403":0,"404":0,"405":0,"406":0,"407":0,"408":0,"409":0,"410":0,"411":0,"412":0,"413":0,"414":0,"415":0,"416":0,"417":0,"418":0,"419":0,"420":0,"421":0,"422":0,"423":0,"424":0,"425":0,"426":0,"427":0,"428":0,"429":0,"430":0,"431":0,"432":0,"433":0,"434":0,"435":0,"436":0,"437":0,"438":0,"439":0,"440":0,"441":0,"442":0,"443":0,"444":0,"445":0,"446":0,"447":1,"448":0,"449":0,"450":0,"451":0,"452":1,"453":1,"454":1,"455":0,"456":0,"457":0,"458":0,"459":0,"460":0,"461":0,"462":1,"463":0,"464":1,"465":0,"466":0,"467":1,"468":1,"469":0,"470":0,"471":0,"472":0,"473":0,"474":0,"475":0,"476":0,"477":0,"478":0,"479":0,"480":0,"481":0,"482":0,"483":0,"484":0,"485":0,"486":0,"487":0,"488":0,"489":0,"490":0,"491":0,"492":0,"493":0,"494":0,"495":0,"496":0,"497":0,"498":0,"499":0,"500":0,"501":0,"502":0,"503":0,"504":0,"505":0,"506":0,"507":0,"508":0,"509":0,"510":0,"511":0,"512":1,"513":0,"514":0,"515":1,"516":0,"517":0,"518":0,"519":1,"520":1,"521":1,"522":0,"523":0,"524":0,"525":1,"526":1,"527":1,"528":1,"529":1,"530":0,"531":0,"532":0,"533":1,"534":1,"535":0,"536":0,"537":0,"538":0,"539":0,"540":0,"541":0,"542":0,"543":1,"544":1,"545":0,"546":1,"547":1,"548":1,"549":1,"550":1,"551":0,"552":0,"553":0,"554":0,"555":0,"556":0,"557":0,"558":1,"559":1,"560":0,"561":0,"562":0,"563":1,"564":1},"f":{"0":1,"1":1,"2":2,"3":0,"4":0,"5":0,"6":0,"7":0,"8":4,"9":0,"10":0,"11":0,"12":4,"13":4,"14":0,"15":4,"16":0,"17":0,"18":0,"19":0,"20":0,"21":0,"22":1,"23":0,"24":1,"25":0,"26":0,"27":0,"28":0,"29":0,"30":0,"31":0,"32":0,"33":0,"34":0,"35":0,"36":0,"37":0,"38":0,"39":0,"40":0,"41":0,"42":0,"43":0,"44":0,"45":0,"46":0,"47":0,"48":0,"49":0,"50":0,"51":0,"52":0,"53":0,"54":0,"55":0,"56":0,"57":0,"58":0,"59":0,"60":0,"61":0,"62":0,"63":0,"64":0,"65":0,"66":0,"67":0},"b":{"0":[0,1],"1":[0,1],"2":[1,1],"3":[2,2,2],"4":[0,1],"5":[1,1,1],"6":[0,1],"7":[1,1],"8":[1,1],"9":[84,0],"10":[84,84],"11":[84,0],"12":[65,19],"13":[84,84,19],"14":[1,0],"15":[0,0],"16":[0,0],"17":[0,0],"18":[0,0],"19":[0,0],"20":[4,4,0],"21":[0,4],"22":[0,0],"23":[0,0,0,0,0],"24":[0,0],"25":[0,0],"26":[0,4],"27":[4,0],"28":[0,4],"29":[0,0],"30":[0,0],"31":[0,0],"32":[0,0],"33":[0,0],"34":[0,0],"35":[0,0],"36":[0,0],"37":[0,0],"38":[0,0],"39":[5,0],"40":[4,1],"41":[0,1],"42":[0,1],"43":[1,0],"44":[1,1],"45":[1,0],"46":[1,1],"47":[0,0],"48":[0,0],"49":[1,0],"50":[0,0],"51":[0,0],"52":[0,0],"53":[0,0],"54":[0,0],"55":[0,0],"56":[0,1],"57":[1,0,0,0],"58":[0,1],"59":[1,0,0],"60":[0,0],"61":[0,0],"62":[0,0],"63":[0,0],"64":[0,0],"65":[1,0],"66":[0,1],"67":[0,0],"68":[0,0],"69":[0,0,0,0],"70":[0,0],"71":[1,0],"72":[1,0,0,0,1,1],"73":[1,1],"74":[0,1],"75":[1,0],"76":[0,0],"77":[0,0],"78":[0,0],"79":[0,0],"80":[0,0],"81":[0,0],"82":[0,0,0],"83":[0,1],"84":[1,1,1,0],"85":[0,1],"86":[1,1],"87":[1,0],"88":[0,0],"89":[0,0],"90":[0,0],"91":[0,0],"92":[0,0],"93":[0,0],"94":[0,0],"95":[0,0],"96":[0,0],"97":[0,0],"98":[0,0],"99":[0,0],"100":[0,0],"101":[0,0],"102":[0,0],"103":[0,0],"104":[0,0],"105":[0,0],"106":[0,0],"107":[0,0],"108":[0,0],"109":[0,0],"110":[0,0],"111":[0,0],"112":[0,0],"113":[0,1],"114":[0,0],"115":[0,0],"116":[0,0],"117":[0,0,0,0],"118":[0,0],"119":[0,1],"120":[0,0],"121":[0,0],"122":[0,0],"123":[0,1],"124":[0,0],"125":[0,0,0,0,0],"126":[0,0],"127":[0,0],"128":[0,0],"129":[0,0],"130":[0,0],"131":[0,0],"132":[0,0],"133":[0,0],"134":[0,0],"135":[0,0],"136":[0,0],"137":[0,0],"138":[0,0],"139":[0,0],"140":[0,0],"141":[0,0],"142":[0,0,0],"143":[0,0],"144":[0,0],"145":[0,1],"146":[1,0],"147":[1,0],"148":[0,0],"149":[0,0],"150":[1,0],"151":[0,0],"152":[0,0],"153":[0,1],"154":[1,0],"155":[0,1],"156":[1,0],"157":[1,0],"158":[1,0],"159":[0,0],"160":[0,0],"161":[1,0],"162":[0,0],"163":[0,0],"164":[0,0],"165":[1,0],"166":[1,0],"167":[0,1],"168":[0,0],"169":[0,0],"170":[0,0],"171":[0,0],"172":[0,0],"173":[0,0],"174":[0,0],"175":[0,0],"176":[0,0],"177":[0,0],"178":[0,0],"179":[0,0],"180":[0,0],"181":[0,0],"182":[0,0],"183":[0,0],"184":[0,0],"185":[0,1],"186":[1,1],"187":[0,1],"188":[1,0,0,0,0],"189":[0,0],"190":[0,0],"191":[1,0],"192":[1,1,1],"193":[1,0],"194":[1,1],"195":[1,0],"196":[0,1],"197":[0,1],"198":[0,1],"199":[0,1],"200":[1,1,1],"201":[0,0],"202":[0,0],"203":[0,0],"204":[0,0],"205":[0,1],"206":[1,1,0],"207":[0,1],"208":[1,0],"209":[1,0],"210":[1,0],"211":[1,1,1],"212":[0,0],"213":[0,0],"214":[0,1]},"_coverageSchema":"1a1c01bbd47fc00a2c39e90264f33305004495a9","hash":"9aceb678289fd31877d0a7e346ebf7cd3848bc1a"}
}
